{"D:\\ReflectionEdge\\src\\constants.ts": {"path":"D:\\ReflectionEdge\\src\\constants.ts","statementMap":{"0":{"start":{"line":1,"column":13},"end":{"line":14,"column":2}},"1":{"start":{"line":16,"column":13},"end":{"line":16,"column":45}},"2":{"start":{"line":17,"column":13},"end":{"line":17,"column":48}},"3":{"start":{"line":18,"column":13},"end":{"line":18,"column":42}},"4":{"start":{"line":19,"column":13},"end":{"line":19,"column":43}},"5":{"start":{"line":22,"column":13},"end":{"line":46,"column":2}}},"fnMap":{},"branchMap":{},"s":{"0":1,"1":1,"2":1,"3":1,"4":1,"5":1},"f":{},"b":{}}
,"D:\\ReflectionEdge\\src\\sampleTrades.ts": {"path":"D:\\ReflectionEdge\\src\\sampleTrades.ts","statementMap":{"0":{"start":{"line":3,"column":13},"end":{"line":277,"column":2}}},"fnMap":{},"branchMap":{},"s":{"0":0},"f":{},"b":{}}
,"D:\\ReflectionEdge\\src\\types.ts": {"path":"D:\\ReflectionEdge\\src\\types.ts","statementMap":{"0":{"start":{"line":34,"column":0},"end":{"line":34,"column":null}},"1":{"start":{"line":35,"column":2},"end":{"line":35,"column":null}},"2":{"start":{"line":36,"column":2},"end":{"line":36,"column":null}},"3":{"start":{"line":37,"column":2},"end":{"line":37,"column":null}},"4":{"start":{"line":38,"column":2},"end":{"line":38,"column":null}},"5":{"start":{"line":41,"column":0},"end":{"line":41,"column":null}},"6":{"start":{"line":42,"column":2},"end":{"line":42,"column":null}},"7":{"start":{"line":43,"column":2},"end":{"line":43,"column":null}}},"fnMap":{"0":{"name":"(anonymous_0)","decl":{"start":{"line":34,"column":0},"end":{"line":34,"column":12}},"loc":{"start":{"line":34,"column":28},"end":{"line":39,"column":1}}},"1":{"name":"(anonymous_1)","decl":{"start":{"line":41,"column":0},"end":{"line":41,"column":12}},"loc":{"start":{"line":41,"column":28},"end":{"line":44,"column":1}}}},"branchMap":{"0":{"loc":{"start":{"line":34,"column":12},"end":{"line":34,"column":null}},"type":"binary-expr","locations":[{"start":{"line":34,"column":12},"end":{"line":34,"column":28}},{"start":{"line":34,"column":28},"end":{"line":34,"column":null}}]},"1":{"loc":{"start":{"line":41,"column":12},"end":{"line":41,"column":null}},"type":"binary-expr","locations":[{"start":{"line":41,"column":12},"end":{"line":41,"column":28}},{"start":{"line":41,"column":28},"end":{"line":41,"column":null}}]}},"s":{"0":1,"1":1,"2":1,"3":1,"4":1,"5":1,"6":1,"7":1},"f":{"0":1,"1":1},"b":{"0":[1,1],"1":[1,1]}}
,"D:\\ReflectionEdge\\src\\components\\charts\\ChartControls.tsx": {"path":"D:\\ReflectionEdge\\src\\components\\charts\\ChartControls.tsx","statementMap":{"0":{"start":{"line":3,"column":0},"end":{"line":3,"column":36}},"1":{"start":{"line":4,"column":0},"end":{"line":4,"column":120}},"2":{"start":{"line":24,"column":59},"end":{"line":173,"column":1}},"3":{"start":{"line":31,"column":29},"end":{"line":44,"column":3}},"4":{"start":{"line":32,"column":4},"end":{"line":43,"column":7}},"5":{"start":{"line":33,"column":31},"end":{"line":33,"column":50}},"6":{"start":{"line":34,"column":27},"end":{"line":36,"column":41}},"7":{"start":{"line":35,"column":40},"end":{"line":35,"column":55}},"8":{"start":{"line":38,"column":6},"end":{"line":41,"column":7}},"9":{"start":{"line":39,"column":42},"end":{"line":39,"column":46}},"10":{"start":{"line":40,"column":8},"end":{"line":40,"column":20}},"11":{"start":{"line":42,"column":6},"end":{"line":42,"column":50}},"12":{"start":{"line":46,"column":33},"end":{"line":59,"column":3}},"13":{"start":{"line":47,"column":4},"end":{"line":58,"column":5}},"14":{"start":{"line":48,"column":6},"end":{"line":48,"column":32}},"15":{"start":{"line":50,"column":24},"end":{"line":50,"column":49}},"16":{"start":{"line":51,"column":22},"end":{"line":51,"column":41}},"17":{"start":{"line":52,"column":6},"end":{"line":52,"column":47}},"18":{"start":{"line":53,"column":6},"end":{"line":53,"column":49}},"19":{"start":{"line":54,"column":6},"end":{"line":57,"column":9}},"20":{"start":{"line":61,"column":2},"end":{"line":172,"column":4}},"21":{"start":{"line":65,"column":91},"end":{"line":65,"column":144}},"22":{"start":{"line":66,"column":87},"end":{"line":66,"column":138}},"23":{"start":{"line":82,"column":99},"end":{"line":82,"column":166}},"24":{"start":{"line":83,"column":95},"end":{"line":83,"column":160}},"25":{"start":{"line":95,"column":27},"end":{"line":95,"column":77}},"26":{"start":{"line":98,"column":59},"end":{"line":98,"column":80}},"27":{"start":{"line":106,"column":27},"end":{"line":106,"column":77}},"28":{"start":{"line":109,"column":59},"end":{"line":109,"column":80}},"29":{"start":{"line":119,"column":25},"end":{"line":119,"column":92}},"30":{"start":{"line":133,"column":10},"end":{"line":133,"column":30}},"31":{"start":{"line":137,"column":16},"end":{"line":137,"column":39}},"32":{"start":{"line":141,"column":36},"end":{"line":141,"column":75}},"33":{"start":{"line":157,"column":35},"end":{"line":157,"column":87}},"34":{"start":{"line":24,"column":13},"end":{"line":24,"column":59}}},"fnMap":{"0":{"name":"(anonymous_0)","decl":{"start":{"line":24,"column":59},"end":{"line":24,"column":60}},"loc":{"start":{"line":29,"column":5},"end":{"line":173,"column":1}}},"1":{"name":"(anonymous_1)","decl":{"start":{"line":31,"column":29},"end":{"line":31,"column":30}},"loc":{"start":{"line":31,"column":67},"end":{"line":44,"column":3}}},"2":{"name":"(anonymous_2)","decl":{"start":{"line":32,"column":20},"end":{"line":32,"column":24}},"loc":{"start":{"line":32,"column":27},"end":{"line":43,"column":5}}},"3":{"name":"(anonymous_3)","decl":{"start":{"line":35,"column":34},"end":{"line":35,"column":36}},"loc":{"start":{"line":35,"column":40},"end":{"line":35,"column":55}}},"4":{"name":"(anonymous_4)","decl":{"start":{"line":46,"column":33},"end":{"line":46,"column":36}},"loc":{"start":{"line":46,"column":38},"end":{"line":59,"column":3}}},"5":{"name":"(anonymous_5)","decl":{"start":{"line":65,"column":86},"end":{"line":65,"column":87}},"loc":{"start":{"line":65,"column":91},"end":{"line":65,"column":144}}},"6":{"name":"(anonymous_6)","decl":{"start":{"line":66,"column":82},"end":{"line":66,"column":83}},"loc":{"start":{"line":66,"column":87},"end":{"line":66,"column":138}}},"7":{"name":"(anonymous_7)","decl":{"start":{"line":82,"column":94},"end":{"line":82,"column":95}},"loc":{"start":{"line":82,"column":99},"end":{"line":82,"column":166}}},"8":{"name":"(anonymous_8)","decl":{"start":{"line":83,"column":90},"end":{"line":83,"column":91}},"loc":{"start":{"line":83,"column":95},"end":{"line":83,"column":160}}},"9":{"name":"(anonymous_9)","decl":{"start":{"line":95,"column":22},"end":{"line":95,"column":23}},"loc":{"start":{"line":95,"column":27},"end":{"line":95,"column":77}}},"10":{"name":"(anonymous_10)","decl":{"start":{"line":98,"column":49},"end":{"line":98,"column":55}},"loc":{"start":{"line":98,"column":59},"end":{"line":98,"column":80}}},"11":{"name":"(anonymous_11)","decl":{"start":{"line":106,"column":22},"end":{"line":106,"column":23}},"loc":{"start":{"line":106,"column":27},"end":{"line":106,"column":77}}},"12":{"name":"(anonymous_12)","decl":{"start":{"line":109,"column":49},"end":{"line":109,"column":55}},"loc":{"start":{"line":109,"column":59},"end":{"line":109,"column":80}}},"13":{"name":"(anonymous_13)","decl":{"start":{"line":119,"column":20},"end":{"line":119,"column":21}},"loc":{"start":{"line":119,"column":25},"end":{"line":119,"column":92}}},"14":{"name":"(anonymous_14)","decl":{"start":{"line":132,"column":23},"end":{"line":132,"column":28}},"loc":{"start":{"line":133,"column":10},"end":{"line":133,"column":30}}},"15":{"name":"(anonymous_15)","decl":{"start":{"line":136,"column":33},"end":{"line":136,"column":39}},"loc":{"start":{"line":137,"column":16},"end":{"line":137,"column":39}}},"16":{"name":"(anonymous_16)","decl":{"start":{"line":141,"column":30},"end":{"line":141,"column":33}},"loc":{"start":{"line":141,"column":36},"end":{"line":141,"column":75}}},"17":{"name":"(anonymous_17)","decl":{"start":{"line":157,"column":30},"end":{"line":157,"column":31}},"loc":{"start":{"line":157,"column":35},"end":{"line":157,"column":87}}}},"branchMap":{"0":{"loc":{"start":{"line":33,"column":31},"end":{"line":33,"column":50}},"type":"binary-expr","locations":[{"start":{"line":33,"column":31},"end":{"line":33,"column":44}},{"start":{"line":33,"column":48},"end":{"line":33,"column":50}}]},"1":{"loc":{"start":{"line":34,"column":27},"end":{"line":36,"column":41}},"type":"cond-expr","locations":[{"start":{"line":35,"column":10},"end":{"line":35,"column":56}},{"start":{"line":36,"column":10},"end":{"line":36,"column":41}}]},"2":{"loc":{"start":{"line":38,"column":6},"end":{"line":41,"column":7}},"type":"if","locations":[{"start":{"line":38,"column":6},"end":{"line":41,"column":7}}]},"3":{"loc":{"start":{"line":47,"column":4},"end":{"line":58,"column":5}},"type":"if","locations":[{"start":{"line":47,"column":4},"end":{"line":58,"column":5}},{"start":{"line":49,"column":11},"end":{"line":58,"column":5}}]},"4":{"loc":{"start":{"line":80,"column":9},"end":{"line":84,"column":null}},"type":"binary-expr","locations":[{"start":{"line":80,"column":9},"end":{"line":80,"column":25}},{"start":{"line":81,"column":10},"end":{"line":83,"column":null}}]},"5":{"loc":{"start":{"line":131,"column":9},"end":{"line":131,"column":96}},"type":"binary-expr","locations":[{"start":{"line":131,"column":9},"end":{"line":131,"column":31}},{"start":{"line":131,"column":35},"end":{"line":131,"column":96}}]},"6":{"loc":{"start":{"line":140,"column":29},"end":{"line":140,"column":81}},"type":"binary-expr","locations":[{"start":{"line":140,"column":29},"end":{"line":140,"column":72}},{"start":{"line":140,"column":76},"end":{"line":140,"column":81}}]},"7":{"loc":{"start":{"line":151,"column":9},"end":{"line":168,"column":null}},"type":"binary-expr","locations":[{"start":{"line":151,"column":9},"end":{"line":151,"column":45}},{"start":{"line":152,"column":12},"end":{"line":167,"column":null}}]}},"s":{"0":0,"1":0,"2":0,"3":0,"4":0,"5":0,"6":0,"7":0,"8":0,"9":0,"10":0,"11":0,"12":0,"13":0,"14":0,"15":0,"16":0,"17":0,"18":0,"19":0,"20":0,"21":0,"22":0,"23":0,"24":0,"25":0,"26":0,"27":0,"28":0,"29":0,"30":0,"31":0,"32":0,"33":0,"34":0},"f":{"0":0,"1":0,"2":0,"3":0,"4":0,"5":0,"6":0,"7":0,"8":0,"9":0,"10":0,"11":0,"12":0,"13":0,"14":0,"15":0,"16":0,"17":0},"b":{"0":[0,0],"1":[0,0],"2":[0],"3":[0,0],"4":[0,0],"5":[0,0],"6":[0,0],"7":[0,0]}}
,"D:\\ReflectionEdge\\src\\components\\charts\\LineChartRenderer.tsx": {"path":"D:\\ReflectionEdge\\src\\components\\charts\\LineChartRenderer.tsx","statementMap":{"0":{"start":{"line":2,"column":0},"end":{"line":2,"column":110}},"1":{"start":{"line":3,"column":0},"end":{"line":3,"column":85}},"2":{"start":{"line":4,"column":0},"end":{"line":4,"column":78}},"3":{"start":{"line":13,"column":67},"end":{"line":118,"column":1}},"4":{"start":{"line":15,"column":2},"end":{"line":17,"column":3}},"5":{"start":{"line":16,"column":4},"end":{"line":16,"column":137}},"6":{"start":{"line":19,"column":21},"end":{"line":19,"column":32}},"7":{"start":{"line":20,"column":21},"end":{"line":20,"column":29}},"8":{"start":{"line":23,"column":19},"end":{"line":23,"column":21}},"9":{"start":{"line":24,"column":2},"end":{"line":28,"column":3}},"10":{"start":{"line":25,"column":4},"end":{"line":25,"column":34}},"11":{"start":{"line":26,"column":9},"end":{"line":28,"column":3}},"12":{"start":{"line":27,"column":4},"end":{"line":27,"column":24}},"13":{"start":{"line":31,"column":28},"end":{"line":31,"column":42}},"14":{"start":{"line":32,"column":22},"end":{"line":32,"column":42}},"15":{"start":{"line":34,"column":2},"end":{"line":79,"column":3}},"16":{"start":{"line":35,"column":39},"end":{"line":40,"column":7}},"17":{"start":{"line":35,"column":76},"end":{"line":40,"column":6}},"18":{"start":{"line":41,"column":4},"end":{"line":41,"column":70}},"19":{"start":{"line":63,"column":23},"end":{"line":63,"column":108}},"20":{"start":{"line":63,"column":54},"end":{"line":63,"column":62}},"21":{"start":{"line":63,"column":97},"end":{"line":63,"column":105}},"22":{"start":{"line":64,"column":26},"end":{"line":64,"column":157}},"23":{"start":{"line":64,"column":63},"end":{"line":64,"column":156}},"24":{"start":{"line":66,"column":4},"end":{"line":78,"column":7}},"25":{"start":{"line":67,"column":26},"end":{"line":67,"column":67}},"26":{"start":{"line":67,"column":46},"end":{"line":67,"column":60}},"27":{"start":{"line":68,"column":48},"end":{"line":68,"column":99}},"28":{"start":{"line":68,"column":78},"end":{"line":68,"column":92}},"29":{"start":{"line":71,"column":55},"end":{"line":71,"column":57}},"30":{"start":{"line":72,"column":8},"end":{"line":76,"column":9}},"31":{"start":{"line":73,"column":12},"end":{"line":75,"column":13}},"32":{"start":{"line":74,"column":16},"end":{"line":74,"column":65}},"33":{"start":{"line":77,"column":8},"end":{"line":77,"column":64}},"34":{"start":{"line":82,"column":2},"end":{"line":117,"column":4}},"35":{"start":{"line":102,"column":81},"end":{"line":102,"column":130}},"36":{"start":{"line":104,"column":10},"end":{"line":105,"column":null}},"37":{"start":{"line":13,"column":13},"end":{"line":13,"column":67}}},"fnMap":{"0":{"name":"(anonymous_0)","decl":{"start":{"line":13,"column":67},"end":{"line":13,"column":68}},"loc":{"start":{"line":13,"column":122},"end":{"line":118,"column":1}}},"1":{"name":"(anonymous_1)","decl":{"start":{"line":35,"column":69},"end":{"line":35,"column":71}},"loc":{"start":{"line":35,"column":76},"end":{"line":40,"column":6}}},"2":{"name":"(anonymous_2)","decl":{"start":{"line":63,"column":49},"end":{"line":63,"column":50}},"loc":{"start":{"line":63,"column":54},"end":{"line":63,"column":62}}},"3":{"name":"(anonymous_3)","decl":{"start":{"line":63,"column":92},"end":{"line":63,"column":93}},"loc":{"start":{"line":63,"column":97},"end":{"line":63,"column":105}}},"4":{"name":"(anonymous_4)","decl":{"start":{"line":64,"column":54},"end":{"line":64,"column":55}},"loc":{"start":{"line":64,"column":63},"end":{"line":64,"column":156}}},"5":{"name":"(anonymous_5)","decl":{"start":{"line":66,"column":37},"end":{"line":66,"column":38}},"loc":{"start":{"line":66,"column":41},"end":{"line":78,"column":5}}},"6":{"name":"(anonymous_6)","decl":{"start":{"line":67,"column":41},"end":{"line":67,"column":42}},"loc":{"start":{"line":67,"column":46},"end":{"line":67,"column":60}}},"7":{"name":"(anonymous_7)","decl":{"start":{"line":68,"column":73},"end":{"line":68,"column":74}},"loc":{"start":{"line":68,"column":78},"end":{"line":68,"column":92}}},"8":{"name":"(anonymous_8)","decl":{"start":{"line":102,"column":63},"end":{"line":102,"column":64}},"loc":{"start":{"line":102,"column":81},"end":{"line":102,"column":130}}},"9":{"name":"(anonymous_9)","decl":{"start":{"line":103,"column":27},"end":{"line":103,"column":28}},"loc":{"start":{"line":104,"column":10},"end":{"line":105,"column":null}}}},"branchMap":{"0":{"loc":{"start":{"line":15,"column":2},"end":{"line":17,"column":3}},"type":"if","locations":[{"start":{"line":15,"column":2},"end":{"line":17,"column":3}}]},"1":{"loc":{"start":{"line":15,"column":6},"end":{"line":15,"column":37}},"type":"binary-expr","locations":[{"start":{"line":15,"column":6},"end":{"line":15,"column":11}},{"start":{"line":15,"column":15},"end":{"line":15,"column":37}}]},"2":{"loc":{"start":{"line":24,"column":2},"end":{"line":28,"column":3}},"type":"if","locations":[{"start":{"line":24,"column":2},"end":{"line":28,"column":3}},{"start":{"line":26,"column":9},"end":{"line":28,"column":3}}]},"3":{"loc":{"start":{"line":26,"column":9},"end":{"line":28,"column":3}},"type":"if","locations":[{"start":{"line":26,"column":9},"end":{"line":28,"column":3}}]},"4":{"loc":{"start":{"line":34,"column":2},"end":{"line":79,"column":3}},"type":"if","locations":[{"start":{"line":34,"column":2},"end":{"line":79,"column":3}}]},"5":{"loc":{"start":{"line":34,"column":6},"end":{"line":34,"column":54}},"type":"binary-expr","locations":[{"start":{"line":34,"column":6},"end":{"line":34,"column":20}},{"start":{"line":34,"column":24},"end":{"line":34,"column":54}}]},"6":{"loc":{"start":{"line":64,"column":63},"end":{"line":64,"column":156}},"type":"cond-expr","locations":[{"start":{"line":64,"column":114},"end":{"line":64,"column":119}},{"start":{"line":64,"column":122},"end":{"line":64,"column":156}}]},"7":{"loc":{"start":{"line":64,"column":64},"end":{"line":64,"column":110}},"type":"binary-expr","locations":[{"start":{"line":64,"column":64},"end":{"line":64,"column":85}},{"start":{"line":64,"column":89},"end":{"line":64,"column":110}}]},"8":{"loc":{"start":{"line":67,"column":26},"end":{"line":67,"column":67}},"type":"binary-expr","locations":[{"start":{"line":67,"column":26},"end":{"line":67,"column":61}},{"start":{"line":67,"column":65},"end":{"line":67,"column":67}}]},"9":{"loc":{"start":{"line":68,"column":48},"end":{"line":68,"column":99}},"type":"binary-expr","locations":[{"start":{"line":68,"column":48},"end":{"line":68,"column":93}},{"start":{"line":68,"column":97},"end":{"line":68,"column":99}}]},"10":{"loc":{"start":{"line":73,"column":12},"end":{"line":75,"column":13}},"type":"if","locations":[{"start":{"line":73,"column":12},"end":{"line":75,"column":13}}]},"11":{"loc":{"start":{"line":109,"column":20},"end":{"line":109,"column":55}},"type":"binary-expr","locations":[{"start":{"line":109,"column":20},"end":{"line":109,"column":32}},{"start":{"line":109,"column":36},"end":{"line":109,"column":55}}]},"12":{"loc":{"start":{"line":111,"column":31},"end":{"line":111,"column":66}},"type":"binary-expr","locations":[{"start":{"line":111,"column":31},"end":{"line":111,"column":43}},{"start":{"line":111,"column":47},"end":{"line":111,"column":66}}]},"13":{"loc":{"start":{"line":112,"column":37},"end":{"line":112,"column":72}},"type":"binary-expr","locations":[{"start":{"line":112,"column":37},"end":{"line":112,"column":49}},{"start":{"line":112,"column":53},"end":{"line":112,"column":72}}]}},"s":{"0":1,"1":1,"2":1,"3":1,"4":8,"5":2,"6":6,"7":6,"8":6,"9":6,"10":5,"11":1,"12":1,"13":6,"14":6,"15":6,"16":2,"17":2,"18":2,"19":2,"20":6,"21":6,"22":2,"23":4,"24":2,"25":6,"26":12,"27":6,"28":12,"29":6,"30":6,"31":12,"32":6,"33":6,"34":6,"35":0,"36":9,"37":1},"f":{"0":8,"1":2,"2":6,"3":6,"4":4,"5":6,"6":12,"7":12,"8":0,"9":9},"b":{"0":[2],"1":[8,7],"2":[5,1],"3":[1],"4":[2],"5":[6,2],"6":[4,0],"7":[4,4],"8":[6,0],"9":[6,0],"10":[6],"11":[9,0],"12":[9,0],"13":[9,0]}}
,"D:\\ReflectionEdge\\src\\components\\charts\\PieChartRenderer.tsx": {"path":"D:\\ReflectionEdge\\src\\components\\charts\\PieChartRenderer.tsx","statementMap":{"0":{"start":{"line":3,"column":0},"end":{"line":3,"column":85}},"1":{"start":{"line":15,"column":65},"end":{"line":49,"column":1}},"2":{"start":{"line":16,"column":2},"end":{"line":18,"column":3}},"3":{"start":{"line":17,"column":4},"end":{"line":17,"column":100}},"4":{"start":{"line":20,"column":2},"end":{"line":48,"column":4}},"5":{"start":{"line":35,"column":12},"end":{"line":35,"column":40}},"6":{"start":{"line":44,"column":39},"end":{"line":44,"column":88}},"7":{"start":{"line":15,"column":13},"end":{"line":15,"column":65}}},"fnMap":{"0":{"name":"(anonymous_0)","decl":{"start":{"line":15,"column":65},"end":{"line":15,"column":66}},"loc":{"start":{"line":15,"column":78},"end":{"line":49,"column":1}}},"1":{"name":"(anonymous_1)","decl":{"start":{"line":34,"column":20},"end":{"line":34,"column":21}},"loc":{"start":{"line":35,"column":12},"end":{"line":35,"column":40}}},"2":{"name":"(anonymous_2)","decl":{"start":{"line":44,"column":21},"end":{"line":44,"column":22}},"loc":{"start":{"line":44,"column":39},"end":{"line":44,"column":88}}}},"branchMap":{"0":{"loc":{"start":{"line":16,"column":2},"end":{"line":18,"column":3}},"type":"if","locations":[{"start":{"line":16,"column":2},"end":{"line":18,"column":3}}]},"1":{"loc":{"start":{"line":16,"column":6},"end":{"line":16,"column":32}},"type":"binary-expr","locations":[{"start":{"line":16,"column":6},"end":{"line":16,"column":11}},{"start":{"line":16,"column":15},"end":{"line":16,"column":32}}]}},"s":{"0":1,"1":1,"2":8,"3":1,"4":7,"5":15,"6":0,"7":1},"f":{"0":8,"1":15,"2":0},"b":{"0":[1],"1":[8,8]}}
,"D:\\ReflectionEdge\\src\\components\\playbook\\PlaybookEditor.tsx": {"path":"D:\\ReflectionEdge\\src\\components\\playbook\\PlaybookEditor.tsx","statementMap":{"0":{"start":{"line":1,"column":0},"end":{"line":1,"column":40}},"1":{"start":{"line":11,"column":61},"end":{"line":123,"column":1}},"2":{"start":{"line":12,"column":26},"end":{"line":12,"column":53}},"3":{"start":{"line":13,"column":40},"end":{"line":13,"column":74}},"4":{"start":{"line":14,"column":26},"end":{"line":14,"column":86}},"5":{"start":{"line":15,"column":36},"end":{"line":15,"column":78}},"6":{"start":{"line":16,"column":28},"end":{"line":16,"column":56}},"7":{"start":{"line":17,"column":50},"end":{"line":17,"column":62}},"8":{"start":{"line":19,"column":26},"end":{"line":27,"column":3}},"9":{"start":{"line":20,"column":4},"end":{"line":26,"column":7}},"10":{"start":{"line":21,"column":22},"end":{"line":21,"column":41}},"11":{"start":{"line":22,"column":19},"end":{"line":24,"column":32}},"12":{"start":{"line":23,"column":31},"end":{"line":23,"column":46}},"13":{"start":{"line":25,"column":6},"end":{"line":25,"column":42}},"14":{"start":{"line":29,"column":33},"end":{"line":34,"column":3}},"15":{"start":{"line":30,"column":4},"end":{"line":33,"column":5}},"16":{"start":{"line":31,"column":6},"end":{"line":31,"column":63}},"17":{"start":{"line":31,"column":27},"end":{"line":31,"column":61}},"18":{"start":{"line":32,"column":6},"end":{"line":32,"column":30}},"19":{"start":{"line":36,"column":36},"end":{"line":38,"column":3}},"20":{"start":{"line":37,"column":4},"end":{"line":37,"column":59}},"21":{"start":{"line":37,"column":25},"end":{"line":37,"column":57}},"22":{"start":{"line":37,"column":47},"end":{"line":37,"column":56}},"23":{"start":{"line":40,"column":23},"end":{"line":43,"column":3}},"24":{"start":{"line":41,"column":4},"end":{"line":41,"column":23}},"25":{"start":{"line":42,"column":4},"end":{"line":42,"column":58}},"26":{"start":{"line":45,"column":2},"end":{"line":122,"column":4}},"27":{"start":{"line":52,"column":25},"end":{"line":52,"column":48}},"28":{"start":{"line":61,"column":25},"end":{"line":61,"column":55}},"29":{"start":{"line":69,"column":12},"end":{"line":69,"column":null}},"30":{"start":{"line":73,"column":18},"end":{"line":74,"column":null}},"31":{"start":{"line":76,"column":35},"end":{"line":76,"column":71}},"32":{"start":{"line":94,"column":27},"end":{"line":94,"column":62}},"33":{"start":{"line":101,"column":12},"end":{"line":101,"column":26}},"34":{"start":{"line":103,"column":95},"end":{"line":103,"column":125}},"35":{"start":{"line":113,"column":25},"end":{"line":113,"column":49}},"36":{"start":{"line":11,"column":13},"end":{"line":11,"column":61}}},"fnMap":{"0":{"name":"(anonymous_0)","decl":{"start":{"line":11,"column":61},"end":{"line":11,"column":62}},"loc":{"start":{"line":11,"column":104},"end":{"line":123,"column":1}}},"1":{"name":"(anonymous_1)","decl":{"start":{"line":19,"column":26},"end":{"line":19,"column":27}},"loc":{"start":{"line":19,"column":64},"end":{"line":27,"column":3}}},"2":{"name":"(anonymous_2)","decl":{"start":{"line":20,"column":12},"end":{"line":20,"column":16}},"loc":{"start":{"line":20,"column":19},"end":{"line":26,"column":5}}},"3":{"name":"(anonymous_3)","decl":{"start":{"line":23,"column":25},"end":{"line":23,"column":27}},"loc":{"start":{"line":23,"column":31},"end":{"line":23,"column":46}}},"4":{"name":"(anonymous_4)","decl":{"start":{"line":29,"column":33},"end":{"line":29,"column":36}},"loc":{"start":{"line":29,"column":38},"end":{"line":34,"column":3}}},"5":{"name":"(anonymous_5)","decl":{"start":{"line":31,"column":19},"end":{"line":31,"column":23}},"loc":{"start":{"line":31,"column":27},"end":{"line":31,"column":61}}},"6":{"name":"(anonymous_6)","decl":{"start":{"line":36,"column":36},"end":{"line":36,"column":37}},"loc":{"start":{"line":36,"column":52},"end":{"line":38,"column":3}}},"7":{"name":"(anonymous_7)","decl":{"start":{"line":37,"column":17},"end":{"line":37,"column":21}},"loc":{"start":{"line":37,"column":25},"end":{"line":37,"column":57}}},"8":{"name":"(anonymous_8)","decl":{"start":{"line":37,"column":37},"end":{"line":37,"column":38}},"loc":{"start":{"line":37,"column":47},"end":{"line":37,"column":56}}},"9":{"name":"(anonymous_9)","decl":{"start":{"line":40,"column":23},"end":{"line":40,"column":24}},"loc":{"start":{"line":40,"column":46},"end":{"line":43,"column":3}}},"10":{"name":"(anonymous_10)","decl":{"start":{"line":52,"column":20},"end":{"line":52,"column":21}},"loc":{"start":{"line":52,"column":25},"end":{"line":52,"column":48}}},"11":{"name":"(anonymous_11)","decl":{"start":{"line":61,"column":20},"end":{"line":61,"column":21}},"loc":{"start":{"line":61,"column":25},"end":{"line":61,"column":55}}},"12":{"name":"(anonymous_12)","decl":{"start":{"line":68,"column":25},"end":{"line":68,"column":30}},"loc":{"start":{"line":69,"column":12},"end":{"line":69,"column":null}}},"13":{"name":"(anonymous_13)","decl":{"start":{"line":72,"column":35},"end":{"line":72,"column":41}},"loc":{"start":{"line":73,"column":18},"end":{"line":74,"column":null}}},"14":{"name":"(anonymous_14)","decl":{"start":{"line":76,"column":29},"end":{"line":76,"column":32}},"loc":{"start":{"line":76,"column":35},"end":{"line":76,"column":71}}},"15":{"name":"(anonymous_15)","decl":{"start":{"line":94,"column":22},"end":{"line":94,"column":23}},"loc":{"start":{"line":94,"column":27},"end":{"line":94,"column":62}}},"16":{"name":"(anonymous_16)","decl":{"start":{"line":100,"column":25},"end":{"line":100,"column":26}},"loc":{"start":{"line":101,"column":12},"end":{"line":101,"column":26}}},"17":{"name":"(anonymous_17)","decl":{"start":{"line":103,"column":89},"end":{"line":103,"column":92}},"loc":{"start":{"line":103,"column":95},"end":{"line":103,"column":125}}},"18":{"name":"(anonymous_18)","decl":{"start":{"line":113,"column":20},"end":{"line":113,"column":21}},"loc":{"start":{"line":113,"column":25},"end":{"line":113,"column":49}}}},"branchMap":{"0":{"loc":{"start":{"line":12,"column":35},"end":{"line":12,"column":52}},"type":"binary-expr","locations":[{"start":{"line":12,"column":35},"end":{"line":12,"column":46}},{"start":{"line":12,"column":50},"end":{"line":12,"column":52}}]},"1":{"loc":{"start":{"line":13,"column":49},"end":{"line":13,"column":73}},"type":"binary-expr","locations":[{"start":{"line":13,"column":49},"end":{"line":13,"column":67}},{"start":{"line":13,"column":71},"end":{"line":13,"column":73}}]},"2":{"loc":{"start":{"line":14,"column":68},"end":{"line":14,"column":85}},"type":"binary-expr","locations":[{"start":{"line":14,"column":68},"end":{"line":14,"column":79}},{"start":{"line":14,"column":83},"end":{"line":14,"column":85}}]},"3":{"loc":{"start":{"line":15,"column":55},"end":{"line":15,"column":77}},"type":"binary-expr","locations":[{"start":{"line":15,"column":55},"end":{"line":15,"column":71}},{"start":{"line":15,"column":75},"end":{"line":15,"column":77}}]},"4":{"loc":{"start":{"line":16,"column":37},"end":{"line":16,"column":55}},"type":"binary-expr","locations":[{"start":{"line":16,"column":37},"end":{"line":16,"column":49}},{"start":{"line":16,"column":53},"end":{"line":16,"column":55}}]},"5":{"loc":{"start":{"line":21,"column":22},"end":{"line":21,"column":41}},"type":"binary-expr","locations":[{"start":{"line":21,"column":22},"end":{"line":21,"column":35}},{"start":{"line":21,"column":39},"end":{"line":21,"column":41}}]},"6":{"loc":{"start":{"line":22,"column":19},"end":{"line":24,"column":32}},"type":"cond-expr","locations":[{"start":{"line":23,"column":10},"end":{"line":23,"column":47}},{"start":{"line":24,"column":10},"end":{"line":24,"column":32}}]},"7":{"loc":{"start":{"line":30,"column":4},"end":{"line":33,"column":5}},"type":"if","locations":[{"start":{"line":30,"column":4},"end":{"line":33,"column":5}}]},"8":{"loc":{"start":{"line":77,"column":111},"end":{"line":77,"column":223}},"type":"cond-expr","locations":[{"start":{"line":77,"column":149},"end":{"line":77,"column":175}},{"start":{"line":77,"column":178},"end":{"line":77,"column":223}}]}},"s":{"0":0,"1":0,"2":0,"3":0,"4":0,"5":0,"6":0,"7":0,"8":0,"9":0,"10":0,"11":0,"12":0,"13":0,"14":0,"15":0,"16":0,"17":0,"18":0,"19":0,"20":0,"21":0,"22":0,"23":0,"24":0,"25":0,"26":0,"27":0,"28":0,"29":0,"30":0,"31":0,"32":0,"33":0,"34":0,"35":0,"36":0},"f":{"0":0,"1":0,"2":0,"3":0,"4":0,"5":0,"6":0,"7":0,"8":0,"9":0,"10":0,"11":0,"12":0,"13":0,"14":0,"15":0,"16":0,"17":0,"18":0},"b":{"0":[0,0],"1":[0,0],"2":[0,0],"3":[0,0],"4":[0,0],"5":[0,0],"6":[0,0],"7":[0],"8":[0,0]}}
,"D:\\ReflectionEdge\\src\\components\\playbook\\PlaybookList.tsx": {"path":"D:\\ReflectionEdge\\src\\components\\playbook\\PlaybookList.tsx","statementMap":{"0":{"start":{"line":10,"column":57},"end":{"line":37,"column":1}},"1":{"start":{"line":11,"column":2},"end":{"line":36,"column":4}},"2":{"start":{"line":25,"column":10},"end":{"line":26,"column":null}},"3":{"start":{"line":28,"column":27},"end":{"line":28,"column":42}},"4":{"start":{"line":10,"column":13},"end":{"line":10,"column":57}}},"fnMap":{"0":{"name":"(anonymous_0)","decl":{"start":{"line":10,"column":57},"end":{"line":10,"column":58}},"loc":{"start":{"line":10,"column":90},"end":{"line":37,"column":1}}},"1":{"name":"(anonymous_1)","decl":{"start":{"line":24,"column":21},"end":{"line":24,"column":26}},"loc":{"start":{"line":25,"column":10},"end":{"line":26,"column":null}}},"2":{"name":"(anonymous_2)","decl":{"start":{"line":28,"column":21},"end":{"line":28,"column":24}},"loc":{"start":{"line":28,"column":27},"end":{"line":28,"column":42}}}},"branchMap":{"0":{"loc":{"start":{"line":23,"column":9},"end":{"line":23,"column":86}},"type":"binary-expr","locations":[{"start":{"line":23,"column":9},"end":{"line":23,"column":29}},{"start":{"line":23,"column":33},"end":{"line":23,"column":86}}]}},"s":{"0":0,"1":0,"2":0,"3":0,"4":0},"f":{"0":0,"1":0,"2":0},"b":{"0":[0,0]}}
,"D:\\ReflectionEdge\\src\\components\\tags\\TagPerformance.tsx": {"path":"D:\\ReflectionEdge\\src\\components\\tags\\TagPerformance.tsx","statementMap":{"0":{"start":{"line":4,"column":0},"end":{"line":4,"column":73}},"1":{"start":{"line":5,"column":0},"end":{"line":5,"column":46}},"2":{"start":{"line":21,"column":31},"end":{"line":27,"column":1}},"3":{"start":{"line":22,"column":2},"end":{"line":22,"column":36}},"4":{"start":{"line":22,"column":23},"end":{"line":22,"column":36}},"5":{"start":{"line":23,"column":2},"end":{"line":23,"column":45}},"6":{"start":{"line":23,"column":27},"end":{"line":23,"column":45}},"7":{"start":{"line":24,"column":2},"end":{"line":24,"column":46}},"8":{"start":{"line":24,"column":28},"end":{"line":24,"column":46}},"9":{"start":{"line":25,"column":2},"end":{"line":25,"column":34}},"10":{"start":{"line":25,"column":21},"end":{"line":25,"column":34}},"11":{"start":{"line":26,"column":2},"end":{"line":26,"column":27}},"12":{"start":{"line":30,"column":61},"end":{"line":124,"column":1}},"13":{"start":{"line":31,"column":48},"end":{"line":31,"column":50}},"14":{"start":{"line":33,"column":28},"end":{"line":41,"column":4}},"15":{"start":{"line":34,"column":22},"end":{"line":34,"column":42}},"16":{"start":{"line":35,"column":22},"end":{"line":35,"column":52}},"17":{"start":{"line":36,"column":20},"end":{"line":36,"column":48}},"18":{"start":{"line":37,"column":4},"end":{"line":37,"column":35}},"19":{"start":{"line":38,"column":4},"end":{"line":38,"column":35}},"20":{"start":{"line":39,"column":4},"end":{"line":39,"column":33}},"21":{"start":{"line":40,"column":4},"end":{"line":40,"column":58}},"22":{"start":{"line":43,"column":2},"end":{"line":66,"column":5}},"23":{"start":{"line":44,"column":4},"end":{"line":65,"column":7}},"24":{"start":{"line":45,"column":33},"end":{"line":46,"column":null}},"25":{"start":{"line":46,"column":8},"end":{"line":46,"column":53}},"26":{"start":{"line":49,"column":6},"end":{"line":51,"column":7}},"27":{"start":{"line":50,"column":8},"end":{"line":50,"column":105}},"28":{"start":{"line":50,"column":68},"end":{"line":50,"column":103}},"29":{"start":{"line":53,"column":6},"end":{"line":64,"column":7}},"30":{"start":{"line":54,"column":26},"end":{"line":54,"column":65}},"31":{"start":{"line":54,"column":56},"end":{"line":54,"column":64}},"32":{"start":{"line":55,"column":25},"end":{"line":55,"column":69}},"33":{"start":{"line":55,"column":56},"end":{"line":55,"column":65}},"34":{"start":{"line":56,"column":23},"end":{"line":56,"column":54}},"35":{"start":{"line":58,"column":8},"end":{"line":63,"column":11}},"36":{"start":{"line":68,"column":2},"end":{"line":79,"column":3}},"37":{"start":{"line":69,"column":4},"end":{"line":78,"column":6}},"38":{"start":{"line":82,"column":2},"end":{"line":82,"column":76}},"39":{"start":{"line":82,"column":32},"end":{"line":82,"column":74}},"40":{"start":{"line":84,"column":2},"end":{"line":123,"column":4}},"41":{"start":{"line":91,"column":10},"end":{"line":91,"column":36}},"42":{"start":{"line":97,"column":38},"end":{"line":97,"column":67}},"43":{"start":{"line":30,"column":13},"end":{"line":30,"column":61}}},"fnMap":{"0":{"name":"(anonymous_0)","decl":{"start":{"line":21,"column":31},"end":{"line":21,"column":32}},"loc":{"start":{"line":21,"column":65},"end":{"line":27,"column":1}}},"1":{"name":"(anonymous_1)","decl":{"start":{"line":30,"column":61},"end":{"line":30,"column":62}},"loc":{"start":{"line":30,"column":120},"end":{"line":124,"column":1}}},"2":{"name":"(anonymous_2)","decl":{"start":{"line":33,"column":42},"end":{"line":33,"column":47}},"loc":{"start":{"line":33,"column":50},"end":{"line":41,"column":3}}},"3":{"name":"(anonymous_3)","decl":{"start":{"line":43,"column":20},"end":{"line":43,"column":25}},"loc":{"start":{"line":43,"column":28},"end":{"line":66,"column":3}}},"4":{"name":"(anonymous_4)","decl":{"start":{"line":44,"column":26},"end":{"line":44,"column":32}},"loc":{"start":{"line":44,"column":35},"end":{"line":65,"column":5}}},"5":{"name":"(anonymous_5)","decl":{"start":{"line":45,"column":58},"end":{"line":45,"column":63}},"loc":{"start":{"line":46,"column":8},"end":{"line":46,"column":53}}},"6":{"name":"(anonymous_6)","decl":{"start":{"line":50,"column":59},"end":{"line":50,"column":64}},"loc":{"start":{"line":50,"column":68},"end":{"line":50,"column":103}}},"7":{"name":"(anonymous_7)","decl":{"start":{"line":54,"column":51},"end":{"line":54,"column":52}},"loc":{"start":{"line":54,"column":56},"end":{"line":54,"column":64}}},"8":{"name":"(anonymous_8)","decl":{"start":{"line":55,"column":42},"end":{"line":55,"column":43}},"loc":{"start":{"line":55,"column":56},"end":{"line":55,"column":65}}},"9":{"name":"(anonymous_9)","decl":{"start":{"line":82,"column":23},"end":{"line":82,"column":24}},"loc":{"start":{"line":82,"column":32},"end":{"line":82,"column":74}}},"10":{"name":"(anonymous_10)","decl":{"start":{"line":90,"column":29},"end":{"line":90,"column":33}},"loc":{"start":{"line":91,"column":10},"end":{"line":91,"column":36}}},"11":{"name":"(anonymous_11)","decl":{"start":{"line":97,"column":32},"end":{"line":97,"column":34}},"loc":{"start":{"line":97,"column":38},"end":{"line":97,"column":67}}}},"branchMap":{"0":{"loc":{"start":{"line":22,"column":2},"end":{"line":22,"column":36}},"type":"if","locations":[{"start":{"line":22,"column":2},"end":{"line":22,"column":36}}]},"1":{"loc":{"start":{"line":23,"column":2},"end":{"line":23,"column":45}},"type":"if","locations":[{"start":{"line":23,"column":2},"end":{"line":23,"column":45}}]},"2":{"loc":{"start":{"line":24,"column":2},"end":{"line":24,"column":46}},"type":"if","locations":[{"start":{"line":24,"column":2},"end":{"line":24,"column":46}}]},"3":{"loc":{"start":{"line":25,"column":2},"end":{"line":25,"column":34}},"type":"if","locations":[{"start":{"line":25,"column":2},"end":{"line":25,"column":34}}]},"4":{"loc":{"start":{"line":40,"column":11},"end":{"line":40,"column":57}},"type":"binary-expr","locations":[{"start":{"line":40,"column":11},"end":{"line":40,"column":33}},{"start":{"line":40,"column":37},"end":{"line":40,"column":57}}]},"5":{"loc":{"start":{"line":49,"column":6},"end":{"line":51,"column":7}},"type":"if","locations":[{"start":{"line":49,"column":6},"end":{"line":51,"column":7}}]},"6":{"loc":{"start":{"line":53,"column":6},"end":{"line":64,"column":7}},"type":"if","locations":[{"start":{"line":53,"column":6},"end":{"line":64,"column":7}}]},"7":{"loc":{"start":{"line":68,"column":2},"end":{"line":79,"column":3}},"type":"if","locations":[{"start":{"line":68,"column":2},"end":{"line":79,"column":3}}]},"8":{"loc":{"start":{"line":75,"column":64},"end":{"line":75,"column":123}},"type":"cond-expr","locations":[{"start":{"line":75,"column":92},"end":{"line":75,"column":119}},{"start":{"line":75,"column":121},"end":{"line":75,"column":123}}]},"9":{"loc":{"start":{"line":107,"column":48},"end":{"line":107,"column":102}},"type":"cond-expr","locations":[{"start":{"line":107,"column":69},"end":{"line":107,"column":85}},{"start":{"line":107,"column":88},"end":{"line":107,"column":102}}]},"10":{"loc":{"start":{"line":120,"column":42},"end":{"line":120,"column":103}},"type":"cond-expr","locations":[{"start":{"line":120,"column":70},"end":{"line":120,"column":98}},{"start":{"line":120,"column":101},"end":{"line":120,"column":103}}]}},"s":{"0":0,"1":0,"2":0,"3":0,"4":0,"5":0,"6":0,"7":0,"8":0,"9":0,"10":0,"11":0,"12":0,"13":0,"14":0,"15":0,"16":0,"17":0,"18":0,"19":0,"20":0,"21":0,"22":0,"23":0,"24":0,"25":0,"26":0,"27":0,"28":0,"29":0,"30":0,"31":0,"32":0,"33":0,"34":0,"35":0,"36":0,"37":0,"38":0,"39":0,"40":0,"41":0,"42":0,"43":0},"f":{"0":0,"1":0,"2":0,"3":0,"4":0,"5":0,"6":0,"7":0,"8":0,"9":0,"10":0,"11":0},"b":{"0":[0],"1":[0],"2":[0],"3":[0],"4":[0,0],"5":[0],"6":[0],"7":[0],"8":[0,0],"9":[0,0],"10":[0,0]}}
,"D:\\ReflectionEdge\\src\\components\\trades\\DailySummary.tsx": {"path":"D:\\ReflectionEdge\\src\\components\\trades\\DailySummary.tsx","statementMap":{"0":{"start":{"line":4,"column":0},"end":{"line":4,"column":73}},"1":{"start":{"line":10,"column":31},"end":{"line":16,"column":1}},"2":{"start":{"line":11,"column":2},"end":{"line":11,"column":36}},"3":{"start":{"line":11,"column":23},"end":{"line":11,"column":36}},"4":{"start":{"line":12,"column":2},"end":{"line":12,"column":45}},"5":{"start":{"line":12,"column":27},"end":{"line":12,"column":45}},"6":{"start":{"line":13,"column":2},"end":{"line":13,"column":46}},"7":{"start":{"line":13,"column":28},"end":{"line":13,"column":46}},"8":{"start":{"line":14,"column":2},"end":{"line":14,"column":34}},"9":{"start":{"line":14,"column":21},"end":{"line":14,"column":34}},"10":{"start":{"line":15,"column":2},"end":{"line":15,"column":27}},"11":{"start":{"line":18,"column":57},"end":{"line":65,"column":1}},"12":{"start":{"line":19,"column":2},"end":{"line":21,"column":3}},"13":{"start":{"line":20,"column":4},"end":{"line":20,"column":85}},"14":{"start":{"line":23,"column":18},"end":{"line":23,"column":70}},"15":{"start":{"line":23,"column":48},"end":{"line":23,"column":66}},"16":{"start":{"line":24,"column":24},"end":{"line":24,"column":64}},"17":{"start":{"line":24,"column":47},"end":{"line":24,"column":63}},"18":{"start":{"line":25,"column":23},"end":{"line":25,"column":63}},"19":{"start":{"line":25,"column":46},"end":{"line":25,"column":62}},"20":{"start":{"line":27,"column":29},"end":{"line":27,"column":105}},"21":{"start":{"line":27,"column":91},"end":{"line":27,"column":99}},"22":{"start":{"line":28,"column":28},"end":{"line":28,"column":102}},"23":{"start":{"line":28,"column":88},"end":{"line":28,"column":96}},"24":{"start":{"line":30,"column":27},"end":{"line":30,"column":84}},"25":{"start":{"line":30,"column":57},"end":{"line":30,"column":80}},"26":{"start":{"line":31,"column":25},"end":{"line":31,"column":81}},"27":{"start":{"line":33,"column":23},"end":{"line":33,"column":53}},"28":{"start":{"line":33,"column":39},"end":{"line":33,"column":52}},"29":{"start":{"line":34,"column":25},"end":{"line":34,"column":74}},"30":{"start":{"line":35,"column":25},"end":{"line":35,"column":74}},"31":{"start":{"line":37,"column":24},"end":{"line":37,"column":92}},"32":{"start":{"line":39,"column":20},"end":{"line":39,"column":45}},"33":{"start":{"line":39,"column":36},"end":{"line":39,"column":44}},"34":{"start":{"line":40,"column":22},"end":{"line":40,"column":53}},"35":{"start":{"line":43,"column":23},"end":{"line":53,"column":4}},"36":{"start":{"line":55,"column":2},"end":{"line":64,"column":4}},"37":{"start":{"line":58,"column":8},"end":{"line":58,"column":30}},"38":{"start":{"line":18,"column":13},"end":{"line":18,"column":57}}},"fnMap":{"0":{"name":"(anonymous_0)","decl":{"start":{"line":10,"column":31},"end":{"line":10,"column":32}},"loc":{"start":{"line":10,"column":65},"end":{"line":16,"column":1}}},"1":{"name":"(anonymous_1)","decl":{"start":{"line":18,"column":57},"end":{"line":18,"column":58}},"loc":{"start":{"line":18,"column":72},"end":{"line":65,"column":1}}},"2":{"name":"(anonymous_2)","decl":{"start":{"line":23,"column":32},"end":{"line":23,"column":33}},"loc":{"start":{"line":23,"column":48},"end":{"line":23,"column":66}}},"3":{"name":"(anonymous_3)","decl":{"start":{"line":24,"column":38},"end":{"line":24,"column":43}},"loc":{"start":{"line":24,"column":47},"end":{"line":24,"column":63}}},"4":{"name":"(anonymous_4)","decl":{"start":{"line":25,"column":37},"end":{"line":25,"column":42}},"loc":{"start":{"line":25,"column":46},"end":{"line":25,"column":62}}},"5":{"name":"(anonymous_5)","decl":{"start":{"line":27,"column":86},"end":{"line":27,"column":87}},"loc":{"start":{"line":27,"column":91},"end":{"line":27,"column":99}}},"6":{"name":"(anonymous_6)","decl":{"start":{"line":28,"column":83},"end":{"line":28,"column":84}},"loc":{"start":{"line":28,"column":88},"end":{"line":28,"column":96}}},"7":{"name":"(anonymous_7)","decl":{"start":{"line":30,"column":41},"end":{"line":30,"column":42}},"loc":{"start":{"line":30,"column":57},"end":{"line":30,"column":80}}},"8":{"name":"(anonymous_8)","decl":{"start":{"line":33,"column":34},"end":{"line":33,"column":35}},"loc":{"start":{"line":33,"column":39},"end":{"line":33,"column":52}}},"9":{"name":"(anonymous_9)","decl":{"start":{"line":39,"column":31},"end":{"line":39,"column":32}},"loc":{"start":{"line":39,"column":36},"end":{"line":39,"column":44}}},"10":{"name":"(anonymous_10)","decl":{"start":{"line":57,"column":24},"end":{"line":57,"column":28}},"loc":{"start":{"line":58,"column":8},"end":{"line":58,"column":30}}}},"branchMap":{"0":{"loc":{"start":{"line":11,"column":2},"end":{"line":11,"column":36}},"type":"if","locations":[{"start":{"line":11,"column":2},"end":{"line":11,"column":36}}]},"1":{"loc":{"start":{"line":12,"column":2},"end":{"line":12,"column":45}},"type":"if","locations":[{"start":{"line":12,"column":2},"end":{"line":12,"column":45}}]},"2":{"loc":{"start":{"line":13,"column":2},"end":{"line":13,"column":46}},"type":"if","locations":[{"start":{"line":13,"column":2},"end":{"line":13,"column":46}}]},"3":{"loc":{"start":{"line":14,"column":2},"end":{"line":14,"column":34}},"type":"if","locations":[{"start":{"line":14,"column":2},"end":{"line":14,"column":34}}]},"4":{"loc":{"start":{"line":19,"column":2},"end":{"line":21,"column":3}},"type":"if","locations":[{"start":{"line":19,"column":2},"end":{"line":21,"column":3}}]},"5":{"loc":{"start":{"line":27,"column":29},"end":{"line":27,"column":105}},"type":"cond-expr","locations":[{"start":{"line":27,"column":56},"end":{"line":27,"column":101}},{"start":{"line":27,"column":104},"end":{"line":27,"column":105}}]},"6":{"loc":{"start":{"line":28,"column":28},"end":{"line":28,"column":102}},"type":"cond-expr","locations":[{"start":{"line":28,"column":54},"end":{"line":28,"column":98}},{"start":{"line":28,"column":101},"end":{"line":28,"column":102}}]},"7":{"loc":{"start":{"line":31,"column":25},"end":{"line":31,"column":81}},"type":"cond-expr","locations":[{"start":{"line":31,"column":45},"end":{"line":31,"column":77}},{"start":{"line":31,"column":80},"end":{"line":31,"column":81}}]},"8":{"loc":{"start":{"line":34,"column":25},"end":{"line":34,"column":74}},"type":"cond-expr","locations":[{"start":{"line":34,"column":45},"end":{"line":34,"column":70}},{"start":{"line":34,"column":73},"end":{"line":34,"column":74}}]},"9":{"loc":{"start":{"line":35,"column":25},"end":{"line":35,"column":74}},"type":"cond-expr","locations":[{"start":{"line":35,"column":45},"end":{"line":35,"column":70}},{"start":{"line":35,"column":73},"end":{"line":35,"column":74}}]},"10":{"loc":{"start":{"line":37,"column":24},"end":{"line":37,"column":92}},"type":"cond-expr","locations":[{"start":{"line":37,"column":44},"end":{"line":37,"column":88}},{"start":{"line":37,"column":91},"end":{"line":37,"column":92}}]},"11":{"loc":{"start":{"line":45,"column":71},"end":{"line":45,"column":119}},"type":"cond-expr","locations":[{"start":{"line":45,"column":86},"end":{"line":45,"column":102}},{"start":{"line":45,"column":105},"end":{"line":45,"column":119}}]},"12":{"loc":{"start":{"line":60,"column":44},"end":{"line":60,"column":73}},"type":"binary-expr","locations":[{"start":{"line":60,"column":44},"end":{"line":60,"column":54}},{"start":{"line":60,"column":58},"end":{"line":60,"column":73}}]}},"s":{"0":0,"1":0,"2":0,"3":0,"4":0,"5":0,"6":0,"7":0,"8":0,"9":0,"10":0,"11":0,"12":0,"13":0,"14":0,"15":0,"16":0,"17":0,"18":0,"19":0,"20":0,"21":0,"22":0,"23":0,"24":0,"25":0,"26":0,"27":0,"28":0,"29":0,"30":0,"31":0,"32":0,"33":0,"34":0,"35":0,"36":0,"37":0,"38":0},"f":{"0":0,"1":0,"2":0,"3":0,"4":0,"5":0,"6":0,"7":0,"8":0,"9":0,"10":0},"b":{"0":[0],"1":[0],"2":[0],"3":[0],"4":[0],"5":[0,0],"6":[0,0],"7":[0,0],"8":[0,0],"9":[0,0],"10":[0,0],"11":[0,0],"12":[0,0]}}
,"D:\\ReflectionEdge\\src\\components\\ui\\Button.tsx": {"path":"D:\\ReflectionEdge\\src\\components\\ui\\Button.tsx","statementMap":{"0":{"start":{"line":11,"column":45},"end":{"line":45,"column":1}},"1":{"start":{"line":20,"column":21},"end":{"line":20,"column":191}},"2":{"start":{"line":22,"column":24},"end":{"line":27,"column":4}},"3":{"start":{"line":29,"column":21},"end":{"line":33,"column":4}},"4":{"start":{"line":35,"column":2},"end":{"line":44,"column":4}},"5":{"start":{"line":11,"column":13},"end":{"line":11,"column":45}}},"fnMap":{"0":{"name":"(anonymous_0)","decl":{"start":{"line":11,"column":45},"end":{"line":11,"column":46}},"loc":{"start":{"line":19,"column":5},"end":{"line":45,"column":1}}}},"branchMap":{"0":{"loc":{"start":{"line":13,"column":2},"end":{"line":13,"column":21}},"type":"default-arg","locations":[{"start":{"line":13,"column":12},"end":{"line":13,"column":21}}]},"1":{"loc":{"start":{"line":14,"column":2},"end":{"line":14,"column":13}},"type":"default-arg","locations":[{"start":{"line":14,"column":9},"end":{"line":14,"column":13}}]},"2":{"loc":{"start":{"line":17,"column":2},"end":{"line":17,"column":16}},"type":"default-arg","locations":[{"start":{"line":17,"column":14},"end":{"line":17,"column":16}}]},"3":{"loc":{"start":{"line":40,"column":7},"end":{"line":40,"column":59}},"type":"binary-expr","locations":[{"start":{"line":40,"column":7},"end":{"line":40,"column":15}},{"start":{"line":40,"column":19},"end":{"line":40,"column":59}}]},"4":{"loc":{"start":{"line":42,"column":7},"end":{"line":42,"column":61}},"type":"binary-expr","locations":[{"start":{"line":42,"column":7},"end":{"line":42,"column":16}},{"start":{"line":42,"column":20},"end":{"line":42,"column":61}}]}},"s":{"0":0,"1":0,"2":0,"3":0,"4":0,"5":0},"f":{"0":0},"b":{"0":[0],"1":[0],"2":[0],"3":[0,0],"4":[0,0]}}
,"D:\\ReflectionEdge\\src\\components\\ui\\ColorPicker.tsx": {"path":"D:\\ReflectionEdge\\src\\components\\ui\\ColorPicker.tsx","statementMap":{"0":{"start":{"line":2,"column":0},"end":{"line":2,"column":51}},"1":{"start":{"line":3,"column":0},"end":{"line":3,"column":32}},"2":{"start":{"line":11,"column":55},"end":{"line":59,"column":1}},"3":{"start":{"line":12,"column":28},"end":{"line":12,"column":50}},"4":{"start":{"line":14,"column":2},"end":{"line":16,"column":21}},"5":{"start":{"line":15,"column":4},"end":{"line":15,"column":27}},"6":{"start":{"line":18,"column":28},"end":{"line":25,"column":3}},"7":{"start":{"line":19,"column":21},"end":{"line":19,"column":35}},"8":{"start":{"line":20,"column":4},"end":{"line":20,"column":23}},"9":{"start":{"line":22,"column":4},"end":{"line":24,"column":5}},"10":{"start":{"line":23,"column":6},"end":{"line":23,"column":25}},"11":{"start":{"line":27,"column":21},"end":{"line":34,"column":3}},"12":{"start":{"line":29,"column":5},"end":{"line":33,"column":6}},"13":{"start":{"line":30,"column":8},"end":{"line":30,"column":24}},"14":{"start":{"line":32,"column":8},"end":{"line":32,"column":31}},"15":{"start":{"line":36,"column":2},"end":{"line":58,"column":4}},"16":{"start":{"line":51,"column":12},"end":{"line":51,"column":37}},"17":{"start":{"line":52,"column":12},"end":{"line":52,"column":37}},"18":{"start":{"line":11,"column":13},"end":{"line":11,"column":55}}},"fnMap":{"0":{"name":"(anonymous_0)","decl":{"start":{"line":11,"column":55},"end":{"line":11,"column":56}},"loc":{"start":{"line":11,"column":93},"end":{"line":59,"column":1}}},"1":{"name":"(anonymous_1)","decl":{"start":{"line":14,"column":12},"end":{"line":14,"column":15}},"loc":{"start":{"line":14,"column":17},"end":{"line":16,"column":3}}},"2":{"name":"(anonymous_2)","decl":{"start":{"line":18,"column":28},"end":{"line":18,"column":29}},"loc":{"start":{"line":18,"column":71},"end":{"line":25,"column":3}}},"3":{"name":"(anonymous_3)","decl":{"start":{"line":27,"column":21},"end":{"line":27,"column":24}},"loc":{"start":{"line":27,"column":26},"end":{"line":34,"column":3}}},"4":{"name":"(anonymous_4)","decl":{"start":{"line":50,"column":18},"end":{"line":50,"column":19}},"loc":{"start":{"line":50,"column":24},"end":{"line":53,"column":9}}}},"branchMap":{"0":{"loc":{"start":{"line":22,"column":4},"end":{"line":24,"column":5}},"type":"if","locations":[{"start":{"line":22,"column":4},"end":{"line":24,"column":5}}]},"1":{"loc":{"start":{"line":22,"column":8},"end":{"line":22,"column":76}},"type":"binary-expr","locations":[{"start":{"line":22,"column":8},"end":{"line":22,"column":40}},{"start":{"line":22,"column":44},"end":{"line":22,"column":76}}]},"2":{"loc":{"start":{"line":29,"column":5},"end":{"line":33,"column":6}},"type":"if","locations":[{"start":{"line":29,"column":5},"end":{"line":33,"column":6}},{"start":{"line":31,"column":12},"end":{"line":33,"column":6}}]},"3":{"loc":{"start":{"line":29,"column":9},"end":{"line":29,"column":71}},"type":"binary-expr","locations":[{"start":{"line":29,"column":9},"end":{"line":29,"column":38}},{"start":{"line":29,"column":42},"end":{"line":29,"column":71}}]},"4":{"loc":{"start":{"line":49,"column":15},"end":{"line":49,"column":62}},"type":"cond-expr","locations":[{"start":{"line":49,"column":45},"end":{"line":49,"column":50}},{"start":{"line":49,"column":53},"end":{"line":49,"column":62}}]}},"s":{"0":0,"1":0,"2":0,"3":0,"4":0,"5":0,"6":0,"7":0,"8":0,"9":0,"10":0,"11":0,"12":0,"13":0,"14":0,"15":0,"16":0,"17":0,"18":0},"f":{"0":0,"1":0,"2":0,"3":0,"4":0},"b":{"0":[0],"1":[0,0],"2":[0,0],"3":[0,0],"4":[0,0]}}
,"D:\\ReflectionEdge\\src\\components\\ui\\Icons.tsx": {"path":"D:\\ReflectionEdge\\src\\components\\ui\\Icons.tsx","statementMap":{"0":{"start":{"line":3,"column":71},"end":{"line":6,"column":null}},"1":{"start":{"line":4,"column":2},"end":{"line":5,"column":null}},"2":{"start":{"line":3,"column":13},"end":{"line":3,"column":71}},"3":{"start":{"line":9,"column":64},"end":{"line":13,"column":null}},"4":{"start":{"line":10,"column":2},"end":{"line":12,"column":null}},"5":{"start":{"line":9,"column":13},"end":{"line":9,"column":64}},"6":{"start":{"line":16,"column":66},"end":{"line":19,"column":null}},"7":{"start":{"line":17,"column":2},"end":{"line":18,"column":null}},"8":{"start":{"line":16,"column":13},"end":{"line":16,"column":66}},"9":{"start":{"line":22,"column":73},"end":{"line":25,"column":null}},"10":{"start":{"line":23,"column":2},"end":{"line":24,"column":null}},"11":{"start":{"line":22,"column":13},"end":{"line":22,"column":73}},"12":{"start":{"line":28,"column":66},"end":{"line":31,"column":null}},"13":{"start":{"line":29,"column":2},"end":{"line":30,"column":null}},"14":{"start":{"line":28,"column":13},"end":{"line":28,"column":66}},"15":{"start":{"line":34,"column":69},"end":{"line":37,"column":null}},"16":{"start":{"line":35,"column":2},"end":{"line":36,"column":null}},"17":{"start":{"line":34,"column":13},"end":{"line":34,"column":69}},"18":{"start":{"line":40,"column":71},"end":{"line":43,"column":null}},"19":{"start":{"line":41,"column":2},"end":{"line":42,"column":null}},"20":{"start":{"line":40,"column":13},"end":{"line":40,"column":71}},"21":{"start":{"line":46,"column":73},"end":{"line":49,"column":null}},"22":{"start":{"line":47,"column":2},"end":{"line":48,"column":null}},"23":{"start":{"line":46,"column":13},"end":{"line":46,"column":73}},"24":{"start":{"line":52,"column":82},"end":{"line":55,"column":null}},"25":{"start":{"line":53,"column":2},"end":{"line":54,"column":null}},"26":{"start":{"line":52,"column":13},"end":{"line":52,"column":82}},"27":{"start":{"line":58,"column":76},"end":{"line":61,"column":null}},"28":{"start":{"line":59,"column":2},"end":{"line":60,"column":null}},"29":{"start":{"line":58,"column":13},"end":{"line":58,"column":76}},"30":{"start":{"line":64,"column":64},"end":{"line":67,"column":null}},"31":{"start":{"line":65,"column":2},"end":{"line":66,"column":null}},"32":{"start":{"line":64,"column":13},"end":{"line":64,"column":64}},"33":{"start":{"line":70,"column":72},"end":{"line":73,"column":null}},"34":{"start":{"line":71,"column":2},"end":{"line":72,"column":null}},"35":{"start":{"line":70,"column":13},"end":{"line":70,"column":72}},"36":{"start":{"line":76,"column":72},"end":{"line":79,"column":null}},"37":{"start":{"line":77,"column":2},"end":{"line":78,"column":null}},"38":{"start":{"line":76,"column":13},"end":{"line":76,"column":72}},"39":{"start":{"line":82,"column":71},"end":{"line":85,"column":null}},"40":{"start":{"line":83,"column":2},"end":{"line":84,"column":null}},"41":{"start":{"line":82,"column":13},"end":{"line":82,"column":71}},"42":{"start":{"line":88,"column":71},"end":{"line":92,"column":null}},"43":{"start":{"line":89,"column":2},"end":{"line":91,"column":null}},"44":{"start":{"line":88,"column":13},"end":{"line":88,"column":71}},"45":{"start":{"line":96,"column":71},"end":{"line":99,"column":null}},"46":{"start":{"line":97,"column":2},"end":{"line":98,"column":null}},"47":{"start":{"line":96,"column":13},"end":{"line":96,"column":71}},"48":{"start":{"line":102,"column":73},"end":{"line":105,"column":null}},"49":{"start":{"line":103,"column":2},"end":{"line":104,"column":null}},"50":{"start":{"line":102,"column":13},"end":{"line":102,"column":73}},"51":{"start":{"line":108,"column":80},"end":{"line":111,"column":null}},"52":{"start":{"line":109,"column":2},"end":{"line":110,"column":null}},"53":{"start":{"line":108,"column":13},"end":{"line":108,"column":80}},"54":{"start":{"line":114,"column":70},"end":{"line":117,"column":null}},"55":{"start":{"line":115,"column":2},"end":{"line":116,"column":null}},"56":{"start":{"line":114,"column":13},"end":{"line":114,"column":70}},"57":{"start":{"line":120,"column":66},"end":{"line":123,"column":null}},"58":{"start":{"line":121,"column":2},"end":{"line":122,"column":null}},"59":{"start":{"line":120,"column":13},"end":{"line":120,"column":66}},"60":{"start":{"line":126,"column":69},"end":{"line":129,"column":null}},"61":{"start":{"line":127,"column":2},"end":{"line":128,"column":null}},"62":{"start":{"line":126,"column":13},"end":{"line":126,"column":69}}},"fnMap":{"0":{"name":"(anonymous_0)","decl":{"start":{"line":3,"column":71},"end":{"line":3,"column":72}},"loc":{"start":{"line":4,"column":2},"end":{"line":5,"column":null}}},"1":{"name":"(anonymous_1)","decl":{"start":{"line":9,"column":64},"end":{"line":9,"column":65}},"loc":{"start":{"line":10,"column":2},"end":{"line":12,"column":null}}},"2":{"name":"(anonymous_2)","decl":{"start":{"line":16,"column":66},"end":{"line":16,"column":67}},"loc":{"start":{"line":17,"column":2},"end":{"line":18,"column":null}}},"3":{"name":"(anonymous_3)","decl":{"start":{"line":22,"column":73},"end":{"line":22,"column":74}},"loc":{"start":{"line":23,"column":2},"end":{"line":24,"column":null}}},"4":{"name":"(anonymous_4)","decl":{"start":{"line":28,"column":66},"end":{"line":28,"column":67}},"loc":{"start":{"line":29,"column":2},"end":{"line":30,"column":null}}},"5":{"name":"(anonymous_5)","decl":{"start":{"line":34,"column":69},"end":{"line":34,"column":70}},"loc":{"start":{"line":35,"column":2},"end":{"line":36,"column":null}}},"6":{"name":"(anonymous_6)","decl":{"start":{"line":40,"column":71},"end":{"line":40,"column":72}},"loc":{"start":{"line":41,"column":2},"end":{"line":42,"column":null}}},"7":{"name":"(anonymous_7)","decl":{"start":{"line":46,"column":73},"end":{"line":46,"column":74}},"loc":{"start":{"line":47,"column":2},"end":{"line":48,"column":null}}},"8":{"name":"(anonymous_8)","decl":{"start":{"line":52,"column":82},"end":{"line":52,"column":83}},"loc":{"start":{"line":53,"column":2},"end":{"line":54,"column":null}}},"9":{"name":"(anonymous_9)","decl":{"start":{"line":58,"column":76},"end":{"line":58,"column":77}},"loc":{"start":{"line":59,"column":2},"end":{"line":60,"column":null}}},"10":{"name":"(anonymous_10)","decl":{"start":{"line":64,"column":64},"end":{"line":64,"column":65}},"loc":{"start":{"line":65,"column":2},"end":{"line":66,"column":null}}},"11":{"name":"(anonymous_11)","decl":{"start":{"line":70,"column":72},"end":{"line":70,"column":73}},"loc":{"start":{"line":71,"column":2},"end":{"line":72,"column":null}}},"12":{"name":"(anonymous_12)","decl":{"start":{"line":76,"column":72},"end":{"line":76,"column":73}},"loc":{"start":{"line":77,"column":2},"end":{"line":78,"column":null}}},"13":{"name":"(anonymous_13)","decl":{"start":{"line":82,"column":71},"end":{"line":82,"column":72}},"loc":{"start":{"line":83,"column":2},"end":{"line":84,"column":null}}},"14":{"name":"(anonymous_14)","decl":{"start":{"line":88,"column":71},"end":{"line":88,"column":72}},"loc":{"start":{"line":89,"column":2},"end":{"line":91,"column":null}}},"15":{"name":"(anonymous_15)","decl":{"start":{"line":96,"column":71},"end":{"line":96,"column":72}},"loc":{"start":{"line":97,"column":2},"end":{"line":98,"column":null}}},"16":{"name":"(anonymous_16)","decl":{"start":{"line":102,"column":73},"end":{"line":102,"column":74}},"loc":{"start":{"line":103,"column":2},"end":{"line":104,"column":null}}},"17":{"name":"(anonymous_17)","decl":{"start":{"line":108,"column":80},"end":{"line":108,"column":81}},"loc":{"start":{"line":109,"column":2},"end":{"line":110,"column":null}}},"18":{"name":"(anonymous_18)","decl":{"start":{"line":114,"column":70},"end":{"line":114,"column":71}},"loc":{"start":{"line":115,"column":2},"end":{"line":116,"column":null}}},"19":{"name":"(anonymous_19)","decl":{"start":{"line":120,"column":66},"end":{"line":120,"column":67}},"loc":{"start":{"line":121,"column":2},"end":{"line":122,"column":null}}},"20":{"name":"(anonymous_20)","decl":{"start":{"line":126,"column":69},"end":{"line":126,"column":70}},"loc":{"start":{"line":127,"column":2},"end":{"line":128,"column":null}}}},"branchMap":{},"s":{"0":0,"1":0,"2":0,"3":0,"4":0,"5":0,"6":0,"7":0,"8":0,"9":0,"10":0,"11":0,"12":0,"13":0,"14":0,"15":0,"16":0,"17":0,"18":0,"19":0,"20":0,"21":0,"22":0,"23":0,"24":0,"25":0,"26":0,"27":0,"28":0,"29":0,"30":0,"31":0,"32":0,"33":0,"34":0,"35":0,"36":0,"37":0,"38":0,"39":0,"40":0,"41":0,"42":0,"43":0,"44":0,"45":0,"46":0,"47":0,"48":0,"49":0,"50":0,"51":0,"52":0,"53":0,"54":0,"55":0,"56":0,"57":0,"58":0,"59":0,"60":0,"61":0,"62":0},"f":{"0":0,"1":0,"2":0,"3":0,"4":0,"5":0,"6":0,"7":0,"8":0,"9":0,"10":0,"11":0,"12":0,"13":0,"14":0,"15":0,"16":0,"17":0,"18":0,"19":0,"20":0},"b":{}}
,"D:\\ReflectionEdge\\src\\components\\ui\\Input.tsx": {"path":"D:\\ReflectionEdge\\src\\components\\ui\\Input.tsx","statementMap":{"0":{"start":{"line":9,"column":43},"end":{"line":24,"column":1}},"1":{"start":{"line":10,"column":22},"end":{"line":10,"column":183}},"2":{"start":{"line":11,"column":23},"end":{"line":11,"column":79}},"3":{"start":{"line":13,"column":2},"end":{"line":23,"column":4}},"4":{"start":{"line":9,"column":13},"end":{"line":9,"column":43}},"5":{"start":{"line":31,"column":49},"end":{"line":47,"column":1}},"6":{"start":{"line":32,"column":22},"end":{"line":32,"column":183}},"7":{"start":{"line":33,"column":23},"end":{"line":33,"column":79}},"8":{"start":{"line":35,"column":2},"end":{"line":46,"column":4}},"9":{"start":{"line":31,"column":13},"end":{"line":31,"column":49}}},"fnMap":{"0":{"name":"(anonymous_0)","decl":{"start":{"line":9,"column":43},"end":{"line":9,"column":44}},"loc":{"start":{"line":9,"column":89},"end":{"line":24,"column":1}}},"1":{"name":"(anonymous_1)","decl":{"start":{"line":31,"column":49},"end":{"line":31,"column":50}},"loc":{"start":{"line":31,"column":95},"end":{"line":47,"column":1}}}},"branchMap":{"0":{"loc":{"start":{"line":15,"column":7},"end":{"line":15,"column":108}},"type":"binary-expr","locations":[{"start":{"line":15,"column":7},"end":{"line":15,"column":12}},{"start":{"line":15,"column":16},"end":{"line":15,"column":108}}]},"1":{"loc":{"start":{"line":18,"column":37},"end":{"line":18,"column":62}},"type":"cond-expr","locations":[{"start":{"line":18,"column":45},"end":{"line":18,"column":57}},{"start":{"line":18,"column":60},"end":{"line":18,"column":62}}]},"2":{"loc":{"start":{"line":18,"column":66},"end":{"line":18,"column":81}},"type":"binary-expr","locations":[{"start":{"line":18,"column":66},"end":{"line":18,"column":75}},{"start":{"line":18,"column":79},"end":{"line":18,"column":81}}]},"3":{"loc":{"start":{"line":21,"column":7},"end":{"line":21,"column":68}},"type":"binary-expr","locations":[{"start":{"line":21,"column":7},"end":{"line":21,"column":12}},{"start":{"line":21,"column":16},"end":{"line":21,"column":68}}]},"4":{"loc":{"start":{"line":37,"column":7},"end":{"line":37,"column":108}},"type":"binary-expr","locations":[{"start":{"line":37,"column":7},"end":{"line":37,"column":12}},{"start":{"line":37,"column":16},"end":{"line":37,"column":108}}]},"5":{"loc":{"start":{"line":40,"column":37},"end":{"line":40,"column":62}},"type":"cond-expr","locations":[{"start":{"line":40,"column":45},"end":{"line":40,"column":57}},{"start":{"line":40,"column":60},"end":{"line":40,"column":62}}]},"6":{"loc":{"start":{"line":40,"column":66},"end":{"line":40,"column":81}},"type":"binary-expr","locations":[{"start":{"line":40,"column":66},"end":{"line":40,"column":75}},{"start":{"line":40,"column":79},"end":{"line":40,"column":81}}]},"7":{"loc":{"start":{"line":44,"column":7},"end":{"line":44,"column":68}},"type":"binary-expr","locations":[{"start":{"line":44,"column":7},"end":{"line":44,"column":12}},{"start":{"line":44,"column":16},"end":{"line":44,"column":68}}]}},"s":{"0":0,"1":0,"2":0,"3":0,"4":0,"5":0,"6":0,"7":0,"8":0,"9":0},"f":{"0":0,"1":0},"b":{"0":[0,0],"1":[0,0],"2":[0,0],"3":[0,0],"4":[0,0],"5":[0,0],"6":[0,0],"7":[0,0]}}
,"D:\\ReflectionEdge\\src\\components\\ui\\Modal.tsx": {"path":"D:\\ReflectionEdge\\src\\components\\ui\\Modal.tsx","statementMap":{"0":{"start":{"line":2,"column":0},"end":{"line":2,"column":36}},"1":{"start":{"line":12,"column":43},"end":{"line":33,"column":1}},"2":{"start":{"line":14,"column":2},"end":{"line":32,"column":4}},"3":{"start":{"line":12,"column":13},"end":{"line":12,"column":43}}},"fnMap":{"0":{"name":"(anonymous_0)","decl":{"start":{"line":12,"column":43},"end":{"line":12,"column":44}},"loc":{"start":{"line":12,"column":82},"end":{"line":33,"column":1}}}},"branchMap":{"0":{"loc":{"start":{"line":16,"column":66},"end":{"line":16,"column":97}},"type":"cond-expr","locations":[{"start":{"line":16,"column":73},"end":{"line":16,"column":84}},{"start":{"line":16,"column":87},"end":{"line":16,"column":97}}]}},"s":{"0":0,"1":0,"2":0,"3":0},"f":{"0":0},"b":{"0":[0,0]}}
,"D:\\ReflectionEdge\\src\\components\\ui\\NotificationPopup.tsx": {"path":"D:\\ReflectionEdge\\src\\components\\ui\\NotificationPopup.tsx","statementMap":{"0":{"start":{"line":1,"column":0},"end":{"line":1,"column":41}},"1":{"start":{"line":2,"column":0},"end":{"line":2,"column":53}},"2":{"start":{"line":12,"column":67},"end":{"line":49,"column":1}},"3":{"start":{"line":19,"column":2},"end":{"line":24,"column":26}},"4":{"start":{"line":20,"column":18},"end":{"line":22,"column":16}},"5":{"start":{"line":21,"column":6},"end":{"line":21,"column":16}},"6":{"start":{"line":23,"column":4},"end":{"line":23,"column":37}},"7":{"start":{"line":23,"column":17},"end":{"line":23,"column":36}},"8":{"start":{"line":26,"column":2},"end":{"line":48,"column":4}},"9":{"start":{"line":12,"column":13},"end":{"line":12,"column":67}}},"fnMap":{"0":{"name":"(anonymous_0)","decl":{"start":{"line":12,"column":67},"end":{"line":12,"column":68}},"loc":{"start":{"line":18,"column":5},"end":{"line":49,"column":1}}},"1":{"name":"(anonymous_1)","decl":{"start":{"line":19,"column":12},"end":{"line":19,"column":15}},"loc":{"start":{"line":19,"column":17},"end":{"line":24,"column":3}}},"2":{"name":"(anonymous_2)","decl":{"start":{"line":20,"column":29},"end":{"line":20,"column":32}},"loc":{"start":{"line":20,"column":34},"end":{"line":22,"column":5}}},"3":{"name":"(anonymous_3)","decl":{"start":{"line":23,"column":11},"end":{"line":23,"column":14}},"loc":{"start":{"line":23,"column":17},"end":{"line":23,"column":36}}}},"branchMap":{"0":{"loc":{"start":{"line":17,"column":2},"end":{"line":17,"column":17}},"type":"default-arg","locations":[{"start":{"line":17,"column":13},"end":{"line":17,"column":17}}]},"1":{"loc":{"start":{"line":37,"column":11},"end":{"line":37,"column":77}},"type":"binary-expr","locations":[{"start":{"line":37,"column":11},"end":{"line":37,"column":18}},{"start":{"line":37,"column":22},"end":{"line":37,"column":77}}]}},"s":{"0":0,"1":0,"2":0,"3":0,"4":0,"5":0,"6":0,"7":0,"8":0,"9":0},"f":{"0":0,"1":0,"2":0,"3":0},"b":{"0":[0],"1":[0,0]}}
,"D:\\ReflectionEdge\\src\\hooks\\useLocalStorage.ts": {"path":"D:\\ReflectionEdge\\src\\hooks\\useLocalStorage.ts","statementMap":{"0":{"start":{"line":2,"column":0},"end":{"line":2,"column":44}},"1":{"start":{"line":5,"column":40},"end":{"line":13,"column":4}},"2":{"start":{"line":6,"column":4},"end":{"line":12,"column":5}},"3":{"start":{"line":7,"column":19},"end":{"line":7,"column":51}},"4":{"start":{"line":8,"column":6},"end":{"line":8,"column":52}},"5":{"start":{"line":10,"column":6},"end":{"line":10,"column":71}},"6":{"start":{"line":11,"column":6},"end":{"line":11,"column":26}},"7":{"start":{"line":15,"column":2},"end":{"line":21,"column":25}},"8":{"start":{"line":16,"column":4},"end":{"line":20,"column":5}},"9":{"start":{"line":17,"column":6},"end":{"line":17,"column":68}},"10":{"start":{"line":19,"column":6},"end":{"line":19,"column":71}},"11":{"start":{"line":23,"column":2},"end":{"line":23,"column":39}},"12":{"start":{"line":26,"column":0},"end":{"line":26,"column":31}}},"fnMap":{"0":{"name":"useLocalStorage","decl":{"start":{"line":4,"column":9},"end":{"line":4,"column":24}},"loc":{"start":{"line":4,"column":57},"end":{"line":24,"column":1}}},"1":{"name":"(anonymous_1)","decl":{"start":{"line":5,"column":52},"end":{"line":5,"column":55}},"loc":{"start":{"line":5,"column":57},"end":{"line":13,"column":3}}},"2":{"name":"(anonymous_2)","decl":{"start":{"line":15,"column":12},"end":{"line":15,"column":15}},"loc":{"start":{"line":15,"column":17},"end":{"line":21,"column":3}}}},"branchMap":{"0":{"loc":{"start":{"line":8,"column":13},"end":{"line":8,"column":51}},"type":"cond-expr","locations":[{"start":{"line":8,"column":20},"end":{"line":8,"column":36}},{"start":{"line":8,"column":39},"end":{"line":8,"column":51}}]}},"s":{"0":0,"1":0,"2":0,"3":0,"4":0,"5":0,"6":0,"7":0,"8":0,"9":0,"10":0,"11":0,"12":0},"f":{"0":0,"1":0,"2":0},"b":{"0":[0,0]}}
,"D:\\ReflectionEdge\\src\\utils\\chartDataProcessor.ts": {"path":"D:\\ReflectionEdge\\src\\utils\\chartDataProcessor.ts","statementMap":{"0":{"start":{"line":2,"column":0},"end":{"line":2,"column":168}},"1":{"start":{"line":3,"column":0},"end":{"line":3,"column":88}},"2":{"start":{"line":5,"column":18},"end":{"line":11,"column":1}},"3":{"start":{"line":6,"column":2},"end":{"line":9,"column":3}},"4":{"start":{"line":7,"column":18},"end":{"line":7,"column":62}},"5":{"start":{"line":7,"column":43},"end":{"line":7,"column":61}},"6":{"start":{"line":8,"column":4},"end":{"line":8,"column":28}},"7":{"start":{"line":8,"column":15},"end":{"line":8,"column":28}},"8":{"start":{"line":10,"column":2},"end":{"line":10,"column":19}},"9":{"start":{"line":13,"column":41},"end":{"line":49,"column":1}},"10":{"start":{"line":20,"column":28},"end":{"line":28,"column":4}},"11":{"start":{"line":21,"column":22},"end":{"line":21,"column":42}},"12":{"start":{"line":22,"column":22},"end":{"line":22,"column":47}},"13":{"start":{"line":23,"column":20},"end":{"line":23,"column":43}},"14":{"start":{"line":24,"column":4},"end":{"line":24,"column":35}},"15":{"start":{"line":25,"column":4},"end":{"line":25,"column":35}},"16":{"start":{"line":26,"column":4},"end":{"line":26,"column":33}},"17":{"start":{"line":27,"column":4},"end":{"line":27,"column":58}},"18":{"start":{"line":30,"column":28},"end":{"line":30,"column":106}},"19":{"start":{"line":30,"column":72},"end":{"line":30,"column":105}},"20":{"start":{"line":32,"column":2},"end":{"line":34,"column":3}},"21":{"start":{"line":33,"column":4},"end":{"line":33,"column":29}},"22":{"start":{"line":36,"column":2},"end":{"line":48,"column":5}},"23":{"start":{"line":37,"column":4},"end":{"line":47,"column":5}},"24":{"start":{"line":38,"column":6},"end":{"line":41,"column":9}},"25":{"start":{"line":39,"column":38},"end":{"line":39,"column":57}},"26":{"start":{"line":40,"column":8},"end":{"line":40,"column":94}},"27":{"start":{"line":43,"column":6},"end":{"line":46,"column":9}},"28":{"start":{"line":44,"column":38},"end":{"line":44,"column":57}},"29":{"start":{"line":45,"column":8},"end":{"line":45,"column":94}},"30":{"start":{"line":13,"column":13},"end":{"line":13,"column":41}},"31":{"start":{"line":52,"column":32},"end":{"line":188,"column":1}},"32":{"start":{"line":62,"column":61},"end":{"line":62,"column":63}},"33":{"start":{"line":63,"column":33},"end":{"line":63,"column":35}},"34":{"start":{"line":66,"column":125},"end":{"line":66,"column":127}},"35":{"start":{"line":67,"column":44},"end":{"line":67,"column":86}},"36":{"start":{"line":69,"column":2},"end":{"line":92,"column":3}},"37":{"start":{"line":70,"column":4},"end":{"line":75,"column":7}},"38":{"start":{"line":74,"column":27},"end":{"line":74,"column":31}},"39":{"start":{"line":78,"column":4},"end":{"line":88,"column":7}},"40":{"start":{"line":79,"column":23},"end":{"line":79,"column":53}},"41":{"start":{"line":80,"column":8},"end":{"line":87,"column":9}},"42":{"start":{"line":81,"column":12},"end":{"line":86,"column":15}},"43":{"start":{"line":85,"column":47},"end":{"line":85,"column":91}},"44":{"start":{"line":89,"column":4},"end":{"line":91,"column":5}},"45":{"start":{"line":90,"column":8},"end":{"line":90,"column":133}},"46":{"start":{"line":90,"column":125},"end":{"line":90,"column":129}},"47":{"start":{"line":94,"column":2},"end":{"line":94,"column":102}},"48":{"start":{"line":94,"column":66},"end":{"line":94,"column":102}},"49":{"start":{"line":95,"column":2},"end":{"line":104,"column":3}},"50":{"start":{"line":98,"column":6},"end":{"line":103,"column":7}},"51":{"start":{"line":102,"column":27},"end":{"line":102,"column":31}},"52":{"start":{"line":108,"column":2},"end":{"line":179,"column":5}},"53":{"start":{"line":109,"column":50},"end":{"line":109,"column":52}},"54":{"start":{"line":110,"column":4},"end":{"line":114,"column":5}},"55":{"start":{"line":111,"column":6},"end":{"line":111,"column":48}},"56":{"start":{"line":113,"column":6},"end":{"line":113,"column":48}},"57":{"start":{"line":116,"column":4},"end":{"line":178,"column":7}},"58":{"start":{"line":117,"column":25},"end":{"line":117,"column":191}},"59":{"start":{"line":118,"column":30},"end":{"line":118,"column":68}},"60":{"start":{"line":119,"column":24},"end":{"line":119,"column":78}},"61":{"start":{"line":121,"column":24},"end":{"line":121,"column":40}},"62":{"start":{"line":122,"column":6},"end":{"line":124,"column":7}},"63":{"start":{"line":123,"column":8},"end":{"line":123,"column":82}},"64":{"start":{"line":126,"column":6},"end":{"line":130,"column":9}},"65":{"start":{"line":132,"column":26},"end":{"line":132,"column":27}},"66":{"start":{"line":133,"column":21},"end":{"line":133,"column":22}},"67":{"start":{"line":134,"column":31},"end":{"line":134,"column":32}},"68":{"start":{"line":135,"column":35},"end":{"line":135,"column":36}},"69":{"start":{"line":139,"column":44},"end":{"line":146,"column":10}},"70":{"start":{"line":141,"column":25},"end":{"line":141,"column":54}},"71":{"start":{"line":143,"column":26},"end":{"line":143,"column":98}},"72":{"start":{"line":144,"column":26},"end":{"line":144,"column":98}},"73":{"start":{"line":145,"column":12},"end":{"line":145,"column":53}},"74":{"start":{"line":149,"column":6},"end":{"line":177,"column":9}},"75":{"start":{"line":150,"column":8},"end":{"line":150,"column":29}},"76":{"start":{"line":151,"column":8},"end":{"line":151,"column":41}},"77":{"start":{"line":151,"column":30},"end":{"line":151,"column":41}},"78":{"start":{"line":152,"column":8},"end":{"line":152,"column":38}},"79":{"start":{"line":153,"column":8},"end":{"line":153,"column":47}},"80":{"start":{"line":156,"column":8},"end":{"line":160,"column":9}},"81":{"start":{"line":157,"column":10},"end":{"line":157,"column":29}},"82":{"start":{"line":159,"column":10},"end":{"line":159,"column":30}},"83":{"start":{"line":163,"column":8},"end":{"line":169,"column":9}},"84":{"start":{"line":164,"column":48},"end":{"line":164,"column":71}},"85":{"start":{"line":164,"column":72},"end":{"line":164,"column":78}},"86":{"start":{"line":165,"column":48},"end":{"line":165,"column":70}},"87":{"start":{"line":165,"column":71},"end":{"line":165,"column":77}},"88":{"start":{"line":166,"column":48},"end":{"line":166,"column":124}},"89":{"start":{"line":166,"column":125},"end":{"line":166,"column":131}},"90":{"start":{"line":167,"column":44},"end":{"line":167,"column":126}},"91":{"start":{"line":167,"column":127},"end":{"line":167,"column":133}},"92":{"start":{"line":168,"column":19},"end":{"line":168,"column":42}},"93":{"start":{"line":171,"column":24},"end":{"line":171,"column":72}},"94":{"start":{"line":171,"column":51},"end":{"line":171,"column":71}},"95":{"start":{"line":172,"column":8},"end":{"line":175,"column":9}},"96":{"start":{"line":173,"column":10},"end":{"line":173,"column":33}},"97":{"start":{"line":174,"column":10},"end":{"line":174,"column":42}},"98":{"start":{"line":176,"column":8},"end":{"line":176,"column":38}},"99":{"start":{"line":181,"column":2},"end":{"line":185,"column":3}},"100":{"start":{"line":182,"column":4},"end":{"line":182,"column":116}},"101":{"start":{"line":182,"column":35},"end":{"line":182,"column":114}},"102":{"start":{"line":184,"column":4},"end":{"line":184,"column":79}},"103":{"start":{"line":184,"column":35},"end":{"line":184,"column":77}},"104":{"start":{"line":187,"column":2},"end":{"line":187,"column":65}},"105":{"start":{"line":52,"column":13},"end":{"line":52,"column":32}}},"fnMap":{"0":{"name":"(anonymous_0)","decl":{"start":{"line":5,"column":18},"end":{"line":5,"column":19}},"loc":{"start":{"line":5,"column":82},"end":{"line":11,"column":1}}},"1":{"name":"(anonymous_1)","decl":{"start":{"line":7,"column":37},"end":{"line":7,"column":39}},"loc":{"start":{"line":7,"column":43},"end":{"line":7,"column":61}}},"2":{"name":"(anonymous_2)","decl":{"start":{"line":13,"column":41},"end":{"line":13,"column":null}},"loc":{"start":{"line":18,"column":13},"end":{"line":49,"column":1}}},"3":{"name":"(anonymous_3)","decl":{"start":{"line":20,"column":42},"end":{"line":20,"column":47}},"loc":{"start":{"line":20,"column":50},"end":{"line":28,"column":3}}},"4":{"name":"(anonymous_4)","decl":{"start":{"line":30,"column":61},"end":{"line":30,"column":68}},"loc":{"start":{"line":30,"column":72},"end":{"line":30,"column":105}}},"5":{"name":"(anonymous_5)","decl":{"start":{"line":36,"column":34},"end":{"line":36,"column":39}},"loc":{"start":{"line":36,"column":42},"end":{"line":48,"column":3}}},"6":{"name":"(anonymous_6)","decl":{"start":{"line":38,"column":37},"end":{"line":38,"column":44}},"loc":{"start":{"line":38,"column":47},"end":{"line":41,"column":7}}},"7":{"name":"(anonymous_7)","decl":{"start":{"line":43,"column":36},"end":{"line":43,"column":43}},"loc":{"start":{"line":43,"column":46},"end":{"line":46,"column":7}}},"8":{"name":"(anonymous_8)","decl":{"start":{"line":52,"column":32},"end":{"line":52,"column":null}},"loc":{"start":{"line":60,"column":24},"end":{"line":188,"column":1}}},"9":{"name":"(anonymous_9)","decl":{"start":{"line":74,"column":21},"end":{"line":74,"column":24}},"loc":{"start":{"line":74,"column":27},"end":{"line":74,"column":31}}},"10":{"name":"(anonymous_10)","decl":{"start":{"line":78,"column":36},"end":{"line":78,"column":44}},"loc":{"start":{"line":78,"column":47},"end":{"line":88,"column":5}}},"11":{"name":"(anonymous_11)","decl":{"start":{"line":85,"column":29},"end":{"line":85,"column":30}},"loc":{"start":{"line":85,"column":47},"end":{"line":85,"column":91}}},"12":{"name":"(anonymous_12)","decl":{"start":{"line":90,"column":119},"end":{"line":90,"column":122}},"loc":{"start":{"line":90,"column":125},"end":{"line":90,"column":129}}},"13":{"name":"(anonymous_13)","decl":{"start":{"line":102,"column":21},"end":{"line":102,"column":24}},"loc":{"start":{"line":102,"column":27},"end":{"line":102,"column":31}}},"14":{"name":"(anonymous_14)","decl":{"start":{"line":108,"column":28},"end":{"line":108,"column":38}},"loc":{"start":{"line":108,"column":41},"end":{"line":179,"column":3}}},"15":{"name":"(anonymous_15)","decl":{"start":{"line":116,"column":32},"end":{"line":116,"column":41}},"loc":{"start":{"line":116,"column":44},"end":{"line":178,"column":5}}},"16":{"name":"(anonymous_16)","decl":{"start":{"line":141,"column":16},"end":{"line":141,"column":21}},"loc":{"start":{"line":141,"column":25},"end":{"line":141,"column":54}}},"17":{"name":"(anonymous_17)","decl":{"start":{"line":142,"column":14},"end":{"line":142,"column":15}},"loc":{"start":{"line":142,"column":23},"end":{"line":146,"column":9}}},"18":{"name":"(anonymous_18)","decl":{"start":{"line":149,"column":42},"end":{"line":149,"column":43}},"loc":{"start":{"line":149,"column":59},"end":{"line":177,"column":7}}},"19":{"name":"(anonymous_19)","decl":{"start":{"line":171,"column":45},"end":{"line":171,"column":47}},"loc":{"start":{"line":171,"column":51},"end":{"line":171,"column":71}}},"20":{"name":"(anonymous_20)","decl":{"start":{"line":182,"column":25},"end":{"line":182,"column":26}},"loc":{"start":{"line":182,"column":35},"end":{"line":182,"column":114}}},"21":{"name":"(anonymous_21)","decl":{"start":{"line":184,"column":25},"end":{"line":184,"column":26}},"loc":{"start":{"line":184,"column":35},"end":{"line":184,"column":77}}}},"branchMap":{"0":{"loc":{"start":{"line":8,"column":4},"end":{"line":8,"column":28}},"type":"if","locations":[{"start":{"line":8,"column":4},"end":{"line":8,"column":28}}]},"1":{"loc":{"start":{"line":27,"column":11},"end":{"line":27,"column":57}},"type":"binary-expr","locations":[{"start":{"line":27,"column":11},"end":{"line":27,"column":33}},{"start":{"line":27,"column":37},"end":{"line":27,"column":57}}]},"2":{"loc":{"start":{"line":32,"column":2},"end":{"line":34,"column":3}},"type":"if","locations":[{"start":{"line":32,"column":2},"end":{"line":34,"column":3}}]},"3":{"loc":{"start":{"line":37,"column":4},"end":{
[...]
{"line":97,"column":29}},"37":{"start":{"line":101,"column":31},"end":{"line":101,"column":96}},"38":{"start":{"line":101,"column":57},"end":{"line":101,"column":76}},"39":{"start":{"line":103,"column":2},"end":{"line":117,"column":4}},"40":{"start":{"line":121,"column":30},"end":{"line":145,"column":1}},"41":{"start":{"line":122,"column":52},"end":{"line":122,"column":54}},"42":{"start":{"line":125,"column":2},"end":{"line":131,"column":5}},"43":{"start":{"line":126,"column":17},"end":{"line":126,"column":49}},"44":{"start":{"line":127,"column":4},"end":{"line":129,"column":5}},"45":{"start":{"line":128,"column":6},"end":{"line":128,"column":30}},"46":{"start":{"line":130,"column":4},"end":{"line":130,"column":35}},"47":{"start":{"line":134,"column":2},"end":{"line":144,"column":38}},"48":{"start":{"line":135,"column":18},"end":{"line":135,"column":51}},"49":{"start":{"line":136,"column":4},"end":{"line":136,"column":28}},"50":{"start":{"line":136,"column":16},"end":{"line":136,"column":28}},"51":{"start":{"line":138,"column":4},"end":{"line":143,"column":6}},"52":{"start":{"line":148,"column":33},"end":{"line":173,"column":1}},"53":{"start":{"line":149,"column":48},"end":{"line":149,"column":50}},"54":{"start":{"line":150,"column":19},"end":{"line":150,"column":97}},"55":{"start":{"line":153,"column":2},"end":{"line":159,"column":5}},"56":{"start":{"line":154,"column":22},"end":{"line":154,"column":59}},"57":{"start":{"line":155,"column":4},"end":{"line":157,"column":5}},"58":{"start":{"line":156,"column":6},"end":{"line":156,"column":32}},"59":{"start":{"line":158,"column":4},"end":{"line":158,"column":37}},"60":{"start":{"line":162,"column":2},"end":{"line":172,"column":38}},"61":{"start":{"line":163,"column":18},"end":{"line":163,"column":50}},"62":{"start":{"line":164,"column":4},"end":{"line":164,"column":28}},"63":{"start":{"line":164,"column":16},"end":{"line":164,"column":28}},"64":{"start":{"line":166,"column":4},"end":{"line":171,"column":6}},"65":{"start":{"line":176,"column":31},"end":{"line":204,"column":1}},"66":{"start":{"line":177,"column":52},"end":{"line":177,"column":54}},"67":{"start":{"line":178,"column":21},"end":{"line":181,"column":4}},"68":{"start":{"line":184,"column":2},"end":{"line":190,"column":5}},"69":{"start":{"line":185,"column":18},"end":{"line":185,"column":51}},"70":{"start":{"line":186,"column":4},"end":{"line":188,"column":5}},"71":{"start":{"line":187,"column":6},"end":{"line":187,"column":30}},"72":{"start":{"line":189,"column":4},"end":{"line":189,"column":35}},"73":{"start":{"line":193,"column":2},"end":{"line":203,"column":38}},"74":{"start":{"line":194,"column":18},"end":{"line":194,"column":52}},"75":{"start":{"line":195,"column":4},"end":{"line":195,"column":28}},"76":{"start":{"line":195,"column":16},"end":{"line":195,"column":28}},"77":{"start":{"line":197,"column":4},"end":{"line":202,"column":6}},"78":{"start":{"line":207,"column":31},"end":{"line":269,"column":1}},"79":{"start":{"line":212,"column":26},"end":{"line":212,"column":81}},"80":{"start":{"line":212,"column":45},"end":{"line":212,"column":80}},"81":{"start":{"line":213,"column":24},"end":{"line":213,"column":82}},"82":{"start":{"line":213,"column":43},"end":{"line":213,"column":81}},"83":{"start":{"line":214,"column":27},"end":{"line":214,"column":83}},"84":{"start":{"line":214,"column":46},"end":{"line":214,"column":82}},"85":{"start":{"line":216,"column":25},"end":{"line":230,"column":4}},"86":{"start":{"line":232,"column":23},"end":{"line":246,"column":4}},"87":{"start":{"line":248,"column":26},"end":{"line":262,"column":4}},"88":{"start":{"line":264,"column":2},"end":{"line":268,"column":4}},"89":{"start":{"line":272,"column":35},"end":{"line":308,"column":1}},"90":{"start":{"line":273,"column":25},"end":{"line":273,"column":54}},"91":{"start":{"line":274,"column":24},"end":{"line":274,"column":56}},"92":{"start":{"line":275,"column":26},"end":{"line":275,"column":56}},"93":{"start":{"line":276,"column":26},"end":{"line":276,"column":56}},"94":{"start":{"line":279,"column":30},"end":{"line":282,"column":16}},"95":{"start":{"line":280,"column":17},"end":{"line":280,"column":35}},"96":{"start":{"line":281,"column":20},"end":{"line":281,"column":41}},"97":{"start":{"line":284,"column":31},"end":{"line":287,"column":16}},"98":{"start":{"line":285,"column":17},"end":{"line":285,"column":35}},"99":{"start":{"line":286,"column":20},"end":{"line":286,"column":41}},"100":{"start":{"line":289,"column":29},"end":{"line":291,"column":42}},"101":{"start":{"line":290,"column":17},"end":{"line":290,"column":35}},"102":{"start":{"line":291,"column":20},"end":{"line":291,"column":41}},"103":{"start":{"line":293,"column":30},"end":{"line":295,"column":42}},"104":{"start":{"line":294,"column":17},"end":{"line":294,"column":35}},"105":{"start":{"line":295,"column":20},"end":{"line":295,"column":41}},"106":{"start":{"line":297,"column":2},"end":{"line":307,"column":4}},"107":{"start":{"line":272,"column":13},"end":{"line":272,"column":35}},"108":{"start":{"line":311,"column":43},"end":{"line":354,"column":1}},"109":{"start":{"line":316,"column":19},"end":{"line":316,"column":46}},"110":{"start":{"line":317,"column":14},"end":{"line":317,"column":24}},"111":{"start":{"line":318,"column":22},"end":{"line":318,"column":36}},"112":{"start":{"line":319,"column":21},"end":{"line":319,"column":33}},"113":{"start":{"line":322,"column":29},"end":{"line":322,"column":87}},"114":{"start":{"line":322,"column":63},"end":{"line":322,"column":86}},"115":{"start":{"line":323,"column":28},"end":{"line":326,"column":4}},"116":{"start":{"line":324,"column":21},"end":{"line":324,"column":99}},"117":{"start":{"line":325,"column":4},"end":{"line":325,"column":44}},"118":{"start":{"line":329,"column":36},"end":{"line":331,"column":52}},"119":{"start":{"line":333,"column":35},"end":{"line":335,"column":31}},"120":{"start":{"line":337,"column":32},"end":{"line":347,"column":6}},"121":{"start":{"line":338,"column":47},"end":{"line":338,"column":71}},"122":{"start":{"line":339,"column":4},"end":{"line":345,"column":5}},"123":{"start":{"line":340,"column":6},"end":{"line":340,"column":110}},"124":{"start":{"line":341,"column":11},"end":{"line":345,"column":5}},"125":{"start":{"line":342,"column":6},"end":{"line":342,"column":101}},"126":{"start":{"line":343,"column":11},"end":{"line":345,"column":5}},"127":{"start":{"line":344,"column":6},"end":{"line":344,"column":105}},"128":{"start":{"line":346,"column":4},"end":{"line":346,"column":35}},"129":{"start":{"line":349,"column":2},"end":{"line":353,"column":4}},"130":{"start":{"line":311,"column":13},"end":{"line":311,"column":43}}},"fnMap":{"0":{"name":"(anonymous_0)","decl":{"start":{"line":46,"column":29},"end":{"line":46,"column":30}},"loc":{"start":{"line":46,"column":61},"end":{"line":67,"column":1}}},"1":{"name":"(anonymous_1)","decl":{"start":{"line":70,"column":30},"end":{"line":70,"column":31}},"loc":{"start":{"line":70,"column":70},"end":{"line":118,"column":1}}},"2":{"name":"(anonymous_2)","decl":{"start":{"line":73,"column":38},"end":{"line":73,"column":39}},"loc":{"start":{"line":73,"column":43},"end":{"line":73,"column":55}}},"3":{"name":"(anonymous_3)","decl":{"start":{"line":74,"column":37},"end":{"line":74,"column":38}},"loc":{"start":{"line":74,"column":42},"end":{"line":74,"column":54}}},"4":{"name":"(anonymous_4)","decl":{"start":{"line":76,"column":36},"end":{"line":76,"column":37}},"loc":{"start":{"line":76,"column":48},"end":{"line":76,"column":62}}},"5":{"name":"(anonymous_5)","decl":{"start":{"line":77,"column":50},"end":{"line":77,"column":51}},"loc":{"start":{"line":77,"column":62},"end":{"line":77,"column":76}}},"6":{"name":"(anonymous_6)","decl":{"start":{"line":78,"column":57},"end":{"line":78,"column":58}},"loc":{"start":{"line":78,"column":69},"end":{"line":78,"column":83}}},"7":{"name":"(anonymous_7)","decl":{"start":{"line":90,"column":17},"end":{"line":90,"column":22}},"loc":{"start":{"line":90,"column":25},"end":{"line":99,"column":3}}},"8":{"name":"(anonymous_8)","decl":{"start":{"line":101,"column":45},"end":{"line":101,"column":46}},"loc":{"start":{"line":101,"column":57},"end":{"line":101,"column":76}}},"9":{"name":"(anonymous_9)","decl":{"start":{"line":121,"column":30},"end":{"line":121,"column":31}},"loc":{"start":{"line":121,"column":65},"end":{"line":145,"column":1}}},"10":{"name":"(anonymous_10)","decl":{"start":{"line":125,"column":17},"end":{"line":125,"column":22}},"loc":{"start":{"line":125,"column":25},"end":{"line":131,"column":3}}},"11":{"name":"(anonymous_11)","decl":{"start":{"line":134,"column":42},"end":{"line":134,"column":43}},"loc":{"start":{"line":134,"column":65},"end":{"line":144,"column":3}}},"12":{"name":"(anonymous_12)","decl":{"start":{"line":148,"column":33},"end":{"line":148,"column":34}},"loc":{"start":{"line":148,"column":68},"end":{"line":173,"column":1}}},"13":{"name":"(anonymous_13)","decl":{"start":{"line":153,"column":17},"end":{"line":153,"column":22}},"loc":{"start":{"line":153,"column":25},"end":{"line":159,"column":3}}},"14":{"name":"(anonymous_14)","decl":{"start":{"line":162,"column":39},"end":{"line":162,"column":40}},"loc":{"start":{"line":162,"column":60},"end":{"line":172,"column":3}}},"15":{"name":"(anonymous_15)","decl":{"start":{"line":176,"column":31},"end":{"line":176,"column":32}},"loc":{"start":{"line":176,"column":66},"end":{"line":204,"column":1}}},"16":{"name":"(anonymous_16)","decl":{"start":{"line":184,"column":17},"end":{"line":184,"column":22}},"loc":{"start":{"line":184,"column":25},"end":{"line":190,"column":3}}},"17":{"name":"(anonymous_17)","decl":{"start":{"line":193,"column":41},"end":{"line":193,"column":42}},"loc":{"start":{"line":193,"column":66},"end":{"line":203,"column":3}}},"18":{"name":"(anonymous_18)","decl":{"start":{"line":207,"column":31},"end":{"line":207,"column":32}},"loc":{"start":{"line":211,"column":4},"end":{"line":269,"column":1}}},"19":{"name":"(anonymous_19)","decl":{"start":{"line":212,"column":40},"end":{"line":212,"column":41}},"loc":{"start":{"line":212,"column":45},"end":{"line":212,"column":80}}},"20":{"name":"(anonymous_20)","decl":{"start":{"line":213,"column":38},"end":{"line":213,"column":39}},"loc":{"start":{"line":213,"column":43},"end":{"line":213,"column":81}}},"21":{"name":"(anonymous_21)","decl":{"start":{"line":214,"column":41},"end":{"line":214,"column":42}},"loc":{"start":{"line":214,"column":46},"end":{"line":214,"column":82}}},"22":{"name":"(anonymous_22)","decl":{"start":{"line":272,"column":35},"end":{"line":272,"column":36}},"loc":{"start":{"line":272,"column":72},"end":{"line":308,"column":1}}},"23":{"name":"(anonymous_23)","decl":{"start":{"line":280,"column":12},"end":{"line":280,"column":13}},"loc":{"start":{"line":280,"column":17},"end":{"line":280,"column":35}}},"24":{"name":"(anonymous_24)","decl":{"start":{"line":281,"column":10},"end":{"line":281,"column":11}},"loc":{"start":{"line":281,"column":20},"end":{"line":281,"column":41}}},"25":{"name":"(anonymous_25)","decl":{"start":{"line":285,"column":12},"end":{"line":285,"column":13}},"loc":{"start":{"line":285,"column":17},"end":{"line":285,"column":35}}},"26":{"name":"(anonymous_26)","decl":{"start":{"line":286,"column":10},"end":{"line":286,"column":11}},"loc":{"start":{"line":286,"column":20},"end":{"line":286,"column":41}}},"27":{"name":"(anonymous_27)","decl":{"start":{"line":290,"column":12},"end":{"line":290,"column":13}},"loc":{"start":{"line":290,"column":17},"end":{"line":290,"column":35}}},"28":{"name":"(anonymous_28)","decl":{"start":{"line":291,"column":10},"end":{"line":291,"column":11}},"loc":{"start":{"line":291,"column":20},"end":{"line":291,"column":41}}},"29":{"name":"(anonymous_29)","decl":{"start":{"line":294,"column":12},"end":{"line":294,"column":13}},"loc":{"start":{"line":294,"column":17},"end":{"line":294,"column":35}}},"30":{"name":"(anonymous_30)","decl":{"start":{"line":295,"column":10},"end":{"line":295,"column":11}},"loc":{"start":{"line":295,"column":20},"end":{"line":295,"column":41}}},"31":{"name":"(anonymous_31)","decl":{"start":{"line":311,"column":43},"end":{"line":311,"column":44}},"loc":{"start":{"line":315,"column":4},"end":{"line":354,"column":1}}},"32":{"name":"(anonymous_32)","decl":{"start":{"line":322,"column":58},"end":{"line":322,"column":59}},"loc":{"start":{"line":322,"column":63},"end":{"line":322,"column":86}}},"33":{"name":"(anonymous_33)","decl":{"start":{"line":323,"column":60},"end":{"line":323,"column":61}},"loc":{"start":{"line":323,"column":64},"end":{"line":326,"column":3}}},"34":{"name":"(anonymous_34)","decl":{"start":{"line":337,"column":33},"end":{"line":337,"column":36}},"loc":{"start":{"line":337,"column":38},"end":{"line":347,"column":3}}}},"branchMap":{"0":{"loc":{"start":{"line":54,"column":22},"end":{"line":54,"column":43}},"type":"binary-expr","locations":[{"start":{"line":54,"column":22},"end":{"line":54,"column":31}},{"start":{"line":54,"column":35},"end":{"line":54,"column":43}}]},"1":{"loc":{"start":{"line":55,"column":23},"end":{"line":55,"column":46}},"type":"binary-expr","locations":[{"start":{"line":55,"column":23},"end":{"line":55,"column":33}},{"start":{"line":55,"column":37},"end":{"line":55,"column":46}}]},"2":{"loc":{"start":{"line":56,"column":25},"end":{"line":56,"column":47}},"type":"binary-expr","locations":[{"start":{"line":56,"column":25},"end":{"line":56,"column":34}},{"start":{"line":56,"column":38},"end":{"line":56,"column":47}}]},"3":{"loc":{"start":{"line":71,"column":2},"end":{"line":71,"column":39}},"type":"if","locations":[{"start":{"line":71,"column":2},"end":{"line":71,"column":39}}]},"4":{"loc":{"start":{"line":80,"column":18},"end":{"line":80,"column":86}},"type":"cond-expr","locations":[{"start":{"line":80,"column":38},"end":{"line":80,"column":82}},{"start":{"line":80,"column":85},"end":{"line":80,"column":86}}]},"5":{"loc":{"start":{"line":81,"column":24},"end":{"line":81,"column":96}},"type":"cond-expr","locations":[{"start":{"line":81,"column":51},"end":{"line":81,"column":92}},{"start":{"line":81,"column":95},"end":{"line":81,"column":96}}]},"6":{"loc":{"start":{"line":82,"column":22},"end":{"line":82,"column":91}},"type":"cond-expr","locations":[{"start":{"line":82,"column":48},"end":{"line":82,"column":87}},{"start":{"line":82,"column":90},"end":{"line":82,"column":91}}]},"7":{"loc":{"start":{"line":83,"column":23},"end":{"line":83,"column":89}},"type":"cond-expr","locations":[{"start":{"line":83,"column":47},"end":{"line":83,"column":85}},{"start":{"line":83,"column":88},"end":{"line":83,"column":89}}]},"8":{"loc":{"start":{"line":92,"column":4},"end":{"line":94,"column":5}},"type":"if","locations":[{"start":{"line":92,"column":4},"end":{"line":94,"column":5}}]},"9":{"loc":{"start":{"line":96,"column":4},"end":{"line":98,"column":5}},"type":"if","locations":[{"start":{"line":96,"column":4},"end":{"line":98,"column":5}}]},"10":{"loc":{"start":{"line":127,"column":4},"end":{"line":129,"column":5}},"type":"if","locations":[{"start":{"line":127,"column":4},"end":{"line":129,"column":5}}]},"11":{"loc":{"start":{"line":136,"column":4},"end":{"line":136,"column":28}},"type":"if","locations":[{"start":{"line":136,"column":4},"end":{"line":136,"column":28}}]},"12":{"loc":{"start":{"line":155,"column":4},"end":{"line":157,"column":5}},"type":"if","locations":[{"start":{"line":155,"column":4},"end":{"line":157,"column":5}}]},"13":{"loc":{"start":{"line":164,"column":4},"end":{"line":164,"column":28}},"type":"if","locations":[{"start":{"line":164,"column":4},"end":{"line":164,"column":28}}]},"14":{"loc":{"start":{"line":186,"column":4},"end":{"line":188,"column":5}},"type":"if","locations":[{"start":{"line":186,"column":4},"end":{"line":188,"column":5}}]},"15":{"loc":{"start":{"line":195,"column":4},"end":{"line":195,"column":28}},"type":"if","locations":[{"start":{"line":195,"column":4},"end":{"line":195,"column":28}}]},"16":{"loc":{"start":{"line":216,"column":25},"end":{"line":230,"column":4}},"type":"binary-expr","locations":[{"start":{"line":216,"column":25},"end":{"line":216,"column":63}},{"start":{"line":216,"column":67},"end":{"line":230,"column":4}}]},"17":{"loc":{"start":{"line":232,"column":23},"end":{"line":246,"column":4}},"type":"binary-expr","locations":[{"start":{"line":232,"column":23},"end":{"line":232,"column":59}},{"start":{"line":232,"column":63},"end":{"line":246,"column":4}}]},"18":{"loc":{"start":{"line":248,"column":26},"end":{"line":262,"column":4}},"type":"binary-expr","locations":[{"start":{"line":248,"column":26},"end":{"line":248,"column":65}},{"start":{"line":248,"column":69},"end":{"line":262,"column":4}}]},"19":{"loc":{"start":{"line":329,"column":36},"end":{"line":331,"column":52}},"type":"cond-expr","locations":[{"start":{"line":330,"column":6},"end":{"line":330,"column":134}},{"start":{"line":331,"column":6},"end":{"line":331,"column":52}}]},"20":{"loc":{"start":{"line":333,"column":35},"end":{"line":335,"column":31}},"type":"cond-expr","locations":[{"start":{"line":334,"column":6},"end":{"line":334,"column":140}},{"start":{"line":335,"column":6},"end":{"line":335,"column":31}}]},"21":{"loc":{"start":{"line":339,"column":4},"end":{"line":345,"column":5}},"type":"if","locations":[{"start":{"line":339,"column":4},"end":{"line":345,"column":5}},{"start":{"line":341,"column":11},"end":{"line":345,"column":5}}]},"22":{"loc":{"start":{"line":339,"column":8},"end":{"line":339,"column":49}},"type":"binary-expr","locations":[{"start":{"line":339,"column":8},"end":{"line":339,"column":27}},{"start":{"line":339,"column":31},"end":{"line":339,"column":49}}]},"23":{"loc":{"start":{"line":341,"column":11},"end":{"line":345,"column":5}},"type":"if","locations":[{"start":{"line":341,"column":11},"end":{"line":345,"column":5}},{"start":{"line":343,"column":11},"end":{"line":345,"column":5}}]},"24":{"loc":{"start":{"line":341,"column":15},"end":{"line":341,"column":57}},"type":"binary-expr","locations":[{"start":{"line":341,"column":15},"end":{"line":341,"column":34}},{"start":{"line":341,"column":38},"end":{"line":341,"column":57}}]},"25":{"loc":{"start":{"line":343,"column":11},"end":{"line":345,"column":5}},"type":"if","locations":[{"start":{"line":343,"column":11},"end":{"line":345,"column":5}}]},"26":{"loc":{"start":{"line":343,"column":15},"end":{"line":343,"column":58}},"type":"binary-expr","locations":[{"start":{"line":343,"column":15},"end":{"line":343,"column":35}},{"start":{"line":343,"column":39},"end":{"line":343,"column":58}}]}},"s":{"0":0,"1":0,"2":0,"3":0,"4":0,"5":0,"6":0,"7":0,"8":0,"9":0,"10":0,"11":0,"12":0,"13":0,"14":0,"15":0,"16":0,"17":0,"18":0,"19":0,"20":0,"21":0,"22":0,"23":0,"24":0,"25":0,"26":0,"27":0,"28":0,"29":0,"30":0,"31":0,"32":0,"33":0,"34":0,"35":0,"36":0,"37":0,"38":0,"39":0,"40":0,"41":0,"42":0,"43":0,"44":0,"45":0,"46":0,"47":0,"48":0,"49":0,"50":0,"51":0,"52":0,"53":0,"54":0,"55":0,"56":0,"57":0,"58":0,"59":0,"60":0,"61":0,"62":0,"63":0,"64":0,"65":0,"66":0,"67":0,"68":0,"69":0,"70":0,"71":0,"72":0,"73":0,"74":0,"75":0,"76":0,"77":0,"78":0,"79":0,"80":0,"81":0,"82":0,"83":0,"84":0,"85":0,"86":0,"87":0,"88":0,"89":0,"90":0,"91":0,"92":0,"93":0,"94":0,"95":0,"96":0,"97":0,"98":0,"99":0,"100":0,"101":0,"102":0,"103":0,"104":0,"105":0,"106":0,"107":0,"108":0,"109":0,"110":0,"111":0,"112":0,"113":0,"114":0,"115":0,"116":0,"117":0,"118":0,"119":0,"120":0,"121":0,"122":0,"123":0,"124":0,"125":0,"126":0,"127":0,"128":0,"129":0,"130":0},"f":{"0":0,"1":0,"2":0,"3":0,"4":0,"5":0,"6":0,"7":0,"8":0,"9":0,"10":0,"11":0,"12":0,"13":0,"14":0,"15":0,"16":0,"17":0,"18":0,"19":0,"20":0,"21":0,"22":0,"23":0,"24":0,"25":0,"26":0,"27":0,"28":0,"29":0,"30":0,"31":0,"32":0,"33":0,"34":0},"b":{"0":[0,0],"1":[0,0],"2":[0,0],"3":[0],"4":[0,0],"5":[0,0],"6":[0,0],"7":[0,0],"8":[0],"9":[0],"10":[0],"11":[0],"12":[0],"13":[0],"14":[0],"15":[0],"16":[0,0],"17":[0,0],"18":[0,0],"19":[0,0],"20":[0,0],"21":[0,0],"22":[0,0],"23":[0,0],"24":[0,0],"25":[0],"26":[0,0]}}
}
