TN:
SF:src\constants.ts
FNF:0
FNH:0
DA:1,1
DA:16,1
DA:17,1
DA:18,1
DA:19,1
DA:22,1
LF:6
LH:6
BRF:0
BRH:0
end_of_record
TN:
SF:src\sampleTrades.ts
FNF:0
FNH:0
DA:3,0
LF:1
LH:0
BRF:0
BRH:0
end_of_record
TN:
SF:src\types.ts
FN:34,(anonymous_0)
FN:41,(anonymous_1)
FNF:2
FNH:2
FNDA:1,(anonymous_0)
FNDA:1,(anonymous_1)
DA:34,1
DA:35,1
DA:36,1
DA:37,1
DA:38,1
DA:41,1
DA:42,1
DA:43,1
LF:8
LH:8
BRDA:34,0,0,1
BRDA:34,0,1,1
BRDA:41,1,0,1
BRDA:41,1,1,1
BRF:4
BRH:4
end_of_record
TN:
SF:src\components\charts\ChartControls.tsx
FN:24,(anonymous_0)
FN:31,(anonymous_1)
FN:32,(anonymous_2)
FN:35,(anonymous_3)
FN:46,(anonymous_4)
FN:65,(anonymous_5)
FN:66,(anonymous_6)
FN:82,(anonymous_7)
FN:83,(anonymous_8)
FN:95,(anonymous_9)
FN:98,(anonymous_10)
FN:106,(anonymous_11)
FN:109,(anonymous_12)
FN:119,(anonymous_13)
FN:132,(anonymous_14)
FN:136,(anonymous_15)
FN:141,(anonymous_16)
FN:157,(anonymous_17)
FNF:18
FNH:0
FNDA:0,(anonymous_0)
FNDA:0,(anonymous_1)
FNDA:0,(anonymous_2)
FNDA:0,(anonymous_3)
FNDA:0,(anonymous_4)
FNDA:0,(anonymous_5)
FNDA:0,(anonymous_6)
FNDA:0,(anonymous_7)
FNDA:0,(anonymous_8)
FNDA:0,(anonymous_9)
FNDA:0,(anonymous_10)
FNDA:0,(anonymous_11)
FNDA:0,(anonymous_12)
FNDA:0,(anonymous_13)
FNDA:0,(anonymous_14)
FNDA:0,(anonymous_15)
FNDA:0,(anonymous_16)
FNDA:0,(anonymous_17)
DA:3,0
DA:4,0
DA:24,0
DA:31,0
DA:32,0
DA:33,0
DA:34,0
DA:35,0
DA:38,0
DA:39,0
DA:40,0
DA:42,0
DA:46,0
DA:47,0
DA:48,0
DA:50,0
DA:51,0
DA:52,0
DA:53,0
DA:54,0
DA:61,0
DA:65,0
DA:66,0
DA:82,0
DA:83,0
DA:95,0
DA:98,0
DA:106,0
DA:109,0
DA:119,0
DA:133,0
DA:137,0
DA:141,0
DA:157,0
LF:34
LH:0
BRDA:33,0,0,0
BRDA:33,0,1,0
BRDA:34,1,0,0
BRDA:34,1,1,0
BRDA:38,2,0,0
BRDA:47,3,0,0
BRDA:47,3,1,0
BRDA:80,4,0,0
BRDA:80,4,1,0
BRDA:131,5,0,0
BRDA:131,5,1,0
BRDA:140,6,0,0
BRDA:140,6,1,0
BRDA:151,7,0,0
BRDA:151,7,1,0
BRF:15
BRH:0
end_of_record
TN:
SF:src\components\charts\LineChartRenderer.tsx
FN:13,(anonymous_0)
FN:35,(anonymous_1)
FN:63,(anonymous_2)
FN:63,(anonymous_3)
FN:64,(anonymous_4)
FN:66,(anonymous_5)
FN:67,(anonymous_6)
FN:68,(anonymous_7)
FN:102,(anonymous_8)
FN:103,(anonymous_9)
FNF:10
FNH:9
FNDA:8,(anonymous_0)
FNDA:2,(anonymous_1)
FNDA:6,(anonymous_2)
FNDA:6,(anonymous_3)
FNDA:4,(anonymous_4)
FNDA:6,(anonymous_5)
FNDA:12,(anonymous_6)
FNDA:12,(anonymous_7)
FNDA:0,(anonymous_8)
FNDA:9,(anonymous_9)
DA:2,1
DA:3,1
DA:4,1
DA:13,1
DA:15,8
DA:16,2
DA:19,6
DA:20,6
DA:23,6
DA:24,6
DA:25,5
DA:26,1
DA:27,1
DA:31,6
DA:32,6
DA:34,6
DA:35,2
DA:41,2
DA:63,6
DA:64,4
DA:66,2
DA:67,12
DA:68,12
DA:71,6
DA:72,6
DA:73,12
DA:74,6
DA:77,6
DA:82,6
DA:102,0
DA:104,9
LF:31
LH:30
BRDA:15,0,0,2
BRDA:15,1,0,8
BRDA:15,1,1,7
BRDA:24,2,0,5
BRDA:24,2,1,1
BRDA:26,3,0,1
BRDA:34,4,0,2
BRDA:34,5,0,6
BRDA:34,5,1,2
BRDA:64,6,0,4
BRDA:64,6,1,0
BRDA:64,7,0,4
BRDA:64,7,1,4
BRDA:67,8,0,6
BRDA:67,8,1,0
BRDA:68,9,0,6
BRDA:68,9,1,0
BRDA:73,10,0,6
BRDA:109,11,0,9
BRDA:109,11,1,0
BRDA:111,12,0,9
BRDA:111,12,1,0
BRDA:112,13,0,9
BRDA:112,13,1,0
BRF:24
BRH:18
end_of_record
TN:
SF:src\components\charts\PieChartRenderer.tsx
FN:15,(anonymous_0)
FN:34,(anonymous_1)
FN:44,(anonymous_2)
FNF:3
FNH:2
FNDA:8,(anonymous_0)
FNDA:15,(anonymous_1)
FNDA:0,(anonymous_2)
DA:3,1
DA:15,1
DA:16,8
DA:17,1
DA:20,7
DA:35,15
DA:44,0
LF:7
LH:6
BRDA:16,0,0,1
BRDA:16,1,0,8
BRDA:16,1,1,8
BRF:3
BRH:3
end_of_record
TN:
SF:src\components\playbook\PlaybookEditor.tsx
FN:11,(anonymous_0)
FN:19,(anonymous_1)
FN:20,(anonymous_2)
FN:23,(anonymous_3)
FN:29,(anonymous_4)
FN:31,(anonymous_5)
FN:36,(anonymous_6)
FN:37,(anonymous_7)
FN:37,(anonymous_8)
FN:40,(anonymous_9)
FN:52,(anonymous_10)
FN:61,(anonymous_11)
FN:68,(anonymous_12)
FN:72,(anonymous_13)
FN:76,(anonymous_14)
FN:94,(anonymous_15)
FN:100,(anonymous_16)
FN:103,(anonymous_17)
FN:113,(anonymous_18)
FNF:19
FNH:0
FNDA:0,(anonymous_0)
FNDA:0,(anonymous_1)
FNDA:0,(anonymous_2)
FNDA:0,(anonymous_3)
FNDA:0,(anonymous_4)
FNDA:0,(anonymous_5)
FNDA:0,(anonymous_6)
FNDA:0,(anonymous_7)
FNDA:0,(anonymous_8)
FNDA:0,(anonymous_9)
FNDA:0,(anonymous_10)
FNDA:0,(anonymous_11)
FNDA:0,(anonymous_12)
FNDA:0,(anonymous_13)
FNDA:0,(anonymous_14)
FNDA:0,(anonymous_15)
FNDA:0,(anonymous_16)
FNDA:0,(anonymous_17)
FNDA:0,(anonymous_18)
DA:1,0
DA:11,0
DA:12,0
DA:13,0
DA:14,0
DA:15,0
DA:16,0
DA:17,0
DA:19,0
DA:20,0
DA:21,0
DA:22,0
DA:23,0
DA:25,0
DA:29,0
DA:30,0
DA:31,0
DA:32,0
DA:36,0
DA:37,0
DA:40,0
DA:41,0
DA:42,0
DA:45,0
DA:52,0
DA:61,0
DA:69,0
DA:73,0
DA:76,0
DA:94,0
DA:101,0
DA:103,0
DA:113,0
LF:33
LH:0
BRDA:12,0,0,0
BRDA:12,0,1,0
BRDA:13,1,0,0
BRDA:13,1,1,0
BRDA:14,2,0,0
BRDA:14,2,1,0
BRDA:15,3,0,0
BRDA:15,3,1,0
BRDA:16,4,0,0
BRDA:16,4,1,0
BRDA:21,5,0,0
BRDA:21,5,1,0
BRDA:22,6,0,0
BRDA:22,6,1,0
BRDA:30,7,0,0
BRDA:77,8,0,0
BRDA:77,8,1,0
BRF:17
BRH:0
end_of_record
TN:
SF:src\components\playbook\PlaybookList.tsx
FN:10,(anonymous_0)
FN:24,(anonymous_1)
FN:28,(anonymous_2)
FNF:3
FNH:0
FNDA:0,(anonymous_0)
FNDA:0,(anonymous_1)
FNDA:0,(anonymous_2)
DA:10,0
DA:11,0
DA:25,0
DA:28,0
LF:4
LH:0
BRDA:23,0,0,0
BRDA:23,0,1,0
BRF:2
BRH:0
end_of_record
TN:
SF:src\components\tags\TagPerformance.tsx
FN:21,(anonymous_0)
FN:30,(anonymous_1)
FN:33,(anonymous_2)
FN:43,(anonymous_3)
FN:44,(anonymous_4)
FN:45,(anonymous_5)
FN:50,(anonymous_6)
FN:54,(anonymous_7)
FN:55,(anonymous_8)
FN:82,(anonymous_9)
FN:90,(anonymous_10)
FN:97,(anonymous_11)
FNF:12
FNH:0
FNDA:0,(anonymous_0)
FNDA:0,(anonymous_1)
FNDA:0,(anonymous_2)
FNDA:0,(anonymous_3)
FNDA:0,(anonymous_4)
FNDA:0,(anonymous_5)
FNDA:0,(anonymous_6)
FNDA:0,(anonymous_7)
FNDA:0,(anonymous_8)
FNDA:0,(anonymous_9)
FNDA:0,(anonymous_10)
FNDA:0,(anonymous_11)
DA:4,0
DA:5,0
DA:21,0
DA:22,0
DA:23,0
DA:24,0
DA:25,0
DA:26,0
DA:30,0
DA:31,0
DA:33,0
DA:34,0
DA:35,0
DA:36,0
DA:37,0
DA:38,0
DA:39,0
DA:40,0
DA:43,0
DA:44,0
DA:45,0
DA:46,0
DA:49,0
DA:50,0
DA:53,0
DA:54,0
DA:55,0
DA:56,0
DA:58,0
DA:68,0
DA:69,0
DA:82,0
DA:84,0
DA:91,0
DA:97,0
LF:35
LH:0
BRDA:22,0,0,0
BRDA:23,1,0,0
BRDA:24,2,0,0
BRDA:25,3,0,0
BRDA:40,4,0,0
BRDA:40,4,1,0
BRDA:49,5,0,0
BRDA:53,6,0,0
BRDA:68,7,0,0
BRDA:75,8,0,0
BRDA:75,8,1,0
BRDA:107,9,0,0
BRDA:107,9,1,0
BRDA:120,10,0,0
BRDA:120,10,1,0
BRF:15
BRH:0
end_of_record
TN:
SF:src\components\trades\DailySummary.tsx
FN:10,(anonymous_0)
FN:18,(anonymous_1)
FN:23,(anonymous_2)
FN:24,(anonymous_3)
FN:25,(anonymous_4)
FN:27,(anonymous_5)
FN:28,(anonymous_6)
FN:30,(anonymous_7)
FN:33,(anonymous_8)
FN:39,(anonymous_9)
FN:57,(anonymous_10)
FNF:11
FNH:0
FNDA:0,(anonymous_0)
FNDA:0,(anonymous_1)
FNDA:0,(anonymous_2)
FNDA:0,(anonymous_3)
FNDA:0,(anonymous_4)
FNDA:0,(anonymous_5)
FNDA:0,(anonymous_6)
FNDA:0,(anonymous_7)
FNDA:0,(anonymous_8)
FNDA:0,(anonymous_9)
FNDA:0,(anonymous_10)
DA:4,0
DA:10,0
DA:11,0
DA:12,0
DA:13,0
DA:14,0
DA:15,0
DA:18,0
DA:19,0
DA:20,0
DA:23,0
DA:24,0
DA:25,0
DA:27,0
DA:28,0
DA:30,0
DA:31,0
DA:33,0
DA:34,0
DA:35,0
DA:37,0
DA:39,0
DA:40,0
DA:43,0
DA:55,0
DA:58,0
LF:26
LH:0
BRDA:11,0,0,0
BRDA:12,1,0,0
BRDA:13,2,0,0
BRDA:14,3,0,0
BRDA:19,4,0,0
BRDA:27,5,0,0
BRDA:27,5,1,0
BRDA:28,6,0,0
BRDA:28,6,1,0
BRDA:31,7,0,0
BRDA:31,7,1,0
BRDA:34,8,0,0
BRDA:34,8,1,0
BRDA:35,9,0,0
BRDA:35,9,1,0
BRDA:37,10,0,0
BRDA:37,10,1,0
BRDA:45,11,0,0
BRDA:45,11,1,0
BRDA:60,12,0,0
BRDA:60,12,1,0
BRF:21
BRH:0
end_of_record
TN:
SF:src\components\ui\Button.tsx
FN:11,(anonymous_0)
FNF:1
FNH:0
FNDA:0,(anonymous_0)
DA:11,0
DA:20,0
DA:22,0
DA:29,0
DA:35,0
LF:5
LH:0
BRDA:13,0,0,0
BRDA:14,1,0,0
BRDA:17,2,0,0
BRDA:40,3,0,0
BRDA:40,3,1,0
BRDA:42,4,0,0
BRDA:42,4,1,0
BRF:7
BRH:0
end_of_record
TN:
SF:src\components\ui\ColorPicker.tsx
FN:11,(anonymous_0)
FN:14,(anonymous_1)
FN:18,(anonymous_2)
FN:27,(anonymous_3)
FN:50,(anonymous_4)
FNF:5
FNH:0
FNDA:0,(anonymous_0)
FNDA:0,(anonymous_1)
FNDA:0,(anonymous_2)
FNDA:0,(anonymous_3)
FNDA:0,(anonymous_4)
DA:2,0
DA:3,0
DA:11,0
DA:12,0
DA:14,0
DA:15,0
DA:18,0
DA:19,0
DA:20,0
DA:22,0
DA:23,0
DA:27,0
DA:29,0
DA:30,0
DA:32,0
DA:36,0
DA:51,0
DA:52,0
LF:18
LH:0
BRDA:22,0,0,0
BRDA:22,1,0,0
BRDA:22,1,1,0
BRDA:29,2,0,0
BRDA:29,2,1,0
BRDA:29,3,0,0
BRDA:29,3,1,0
BRDA:49,4,0,0
BRDA:49,4,1,0
BRF:9
BRH:0
end_of_record
TN:
SF:src\components\ui\Icons.tsx
FN:3,(anonymous_0)
FN:9,(anonymous_1)
FN:16,(anonymous_2)
FN:22,(anonymous_3)
FN:28,(anonymous_4)
FN:34,(anonymous_5)
FN:40,(anonymous_6)
FN:46,(anonymous_7)
FN:52,(anonymous_8)
FN:58,(anonymous_9)
FN:64,(anonymous_10)
FN:70,(anonymous_11)
FN:76,(anonymous_12)
FN:82,(anonymous_13)
FN:88,(anonymous_14)
FN:96,(anonymous_15)
FN:102,(anonymous_16)
FN:108,(anonymous_17)
FN:114,(anonymous_18)
FN:120,(anonymous_19)
FN:126,(anonymous_20)
FNF:21
FNH:0
FNDA:0,(anonymous_0)
FNDA:0,(anonymous_1)
FNDA:0,(anonymous_2)
FNDA:0,(anonymous_3)
FNDA:0,(anonymous_4)
FNDA:0,(anonymous_5)
FNDA:0,(anonymous_6)
FNDA:0,(anonymous_7)
FNDA:0,(anonymous_8)
FNDA:0,(anonymous_9)
FNDA:0,(anonymous_10)
FNDA:0,(anonymous_11)
FNDA:0,(anonymous_12)
FNDA:0,(anonymous_13)
FNDA:0,(anonymous_14)
FNDA:0,(anonymous_15)
FNDA:0,(anonymous_16)
FNDA:0,(anonymous_17)
FNDA:0,(anonymous_18)
FNDA:0,(anonymous_19)
FNDA:0,(anonymous_20)
DA:3,0
DA:4,0
DA:9,0
DA:10,0
DA:16,0
DA:17,0
DA:22,0
DA:23,0
DA:28,0
DA:29,0
DA:34,0
DA:35,0
DA:40,0
DA:41,0
DA:46,0
DA:47,0
DA:52,0
DA:53,0
DA:58,0
DA:59,0
DA:64,0
DA:65,0
DA:70,0
DA:71,0
DA:76,0
DA:77,0
DA:82,0
DA:83,0
DA:88,0
DA:89,0
DA:96,0
DA:97,0
DA:102,0
DA:103,0
DA:108,0
DA:109,0
DA:114,0
DA:115,0
DA:120,0
DA:121,0
DA:126,0
DA:127,0
LF:42
LH:0
BRF:0
BRH:0
end_of_record
TN:
SF:src\components\ui\Input.tsx
FN:9,(anonymous_0)
FN:31,(anonymous_1)
FNF:2
FNH:0
FNDA:0,(anonymous_0)
FNDA:0,(anonymous_1)
DA:9,0
DA:10,0
DA:11,0
DA:13,0
DA:31,0
DA:32,0
DA:33,0
DA:35,0
LF:8
LH:0
BRDA:15,0,0,0
BRDA:15,0,1,0
BRDA:18,1,0,0
BRDA:18,1,1,0
BRDA:18,2,0,0
BRDA:18,2,1,0
BRDA:21,3,0,0
BRDA:21,3,1,0
BRDA:37,4,0,0
BRDA:37,4,1,0
BRDA:40,5,0,0
BRDA:40,5,1,0
BRDA:40,6,0,0
BRDA:40,6,1,0
BRDA:44,7,0,0
BRDA:44,7,1,0
BRF:16
BRH:0
end_of_record
TN:
SF:src\components\ui\Modal.tsx
FN:12,(anonymous_0)
FNF:1
FNH:0
FNDA:0,(anonymous_0)
DA:2,0
DA:12,0
DA:14,0
LF:3
LH:0
BRDA:16,0,0,0
BRDA:16,0,1,0
BRF:2
BRH:0
end_of_record
TN:
SF:src\components\ui\NotificationPopup.tsx
FN:12,(anonymous_0)
FN:19,(anonymous_1)
FN:20,(anonymous_2)
FN:23,(anonymous_3)
FNF:4
FNH:0
FNDA:0,(anonymous_0)
FNDA:0,(anonymous_1)
FNDA:0,(anonymous_2)
FNDA:0,(anonymous_3)
DA:1,0
DA:2,0
DA:12,0
DA:19,0
DA:20,0
DA:21,0
DA:23,0
DA:26,0
LF:8
LH:0
BRDA:17,0,0,0
BRDA:37,1,0,0
BRDA:37,1,1,0
BRF:3
BRH:0
end_of_record
TN:
SF:src\hooks\useLocalStorage.ts
FN:4,useLocalStorage
FN:5,(anonymous_1)
FN:15,(anonymous_2)
FNF:3
FNH:0
FNDA:0,useLocalStorage
FNDA:0,(anonymous_1)
FNDA:0,(anonymous_2)
DA:2,0
DA:5,0
DA:6,0
DA:7,0
DA:8,0
DA:10,0
DA:11,0
DA:15,0
DA:16,0
DA:17,0
DA:19,0
DA:23,0
DA:26,0
LF:13
LH:0
BRDA:8,0,0,0
BRDA:8,0,1,0
BRF:2
BRH:0
end_of_record
TN:
SF:src\utils\chartDataProcessor.ts
FN:5,(anonymous_0)
FN:7,(anonymous_1)
FN:13,(anonymous_2)
FN:20,(anonymous_3)
FN:30,(anonymous_4)
FN:36,(anonymous_5)
FN:38,(anonymous_6)
FN:43,(anonymous_7)
FN:52,(anonymous_8)
FN:74,(anonymous_9)
FN:78,(anonymous_10)
FN:85,(anonymous_11)
FN:90,(anonymous_12)
FN:102,(anonymous_13)
FN:108,(anonymous_14)
FN:116,(anonymous_15)
FN:141,(anonymous_16)
FN:142,(anonymous_17)
FN:149,(anonymous_18)
FN:171,(anonymous_19)
FN:182,(anonymous_20)
FN:184,(anonymous_21)
FNF:22
FNH:0
FNDA:0,(anonymous_0)
FNDA:0,(anonymous_1)
FNDA:0,(anonymous_2)
FNDA:0,(anonymous_3)
FNDA:0,(anonymous_4)
FNDA:0,(anonymous_5)
FNDA:0,(anonymous_6)
FNDA:0,(anonymous_7)
FNDA:0,(anonymous_8)
FNDA:0,(anonymous_9)
FNDA:0,(anonymous_10)
FNDA:0,(anonymous_11)
FNDA:0,(anonymous_12)
FNDA:0,(anonymous_13)
FNDA:0,(anonymous_14)
FNDA:0,(anonymous_15)
FNDA:0,(anonymous_16)
FNDA:0,(anonymous_17)
FNDA:0,(anonymous_18)
FNDA:0,(anonymous_19)
FNDA:0,(anonymous_20)
FNDA:0,(anonymous_21)
DA:2,0
DA:3,0
DA:5,0
DA:6,0
DA:7,0
DA:8,0
DA:10,0
DA:13,0
DA:20,0
DA:21,0
DA:22,0
DA:23,0
DA:24,0
DA:25,0
DA:26,0
DA:27,0
DA:30,0
DA:32,0
DA:33,0
DA:36,0
DA:37,0
DA:38,0
DA:39,0
DA:40,0
DA:43,0
DA:44,0
DA:45,0
DA:52,0
DA:62,0
DA:63,0
DA:66,0
DA:67,0
DA:69,0
DA:70,0
DA:74,0
DA:78,0
DA:79,0
DA:80,0
DA:81,0
DA:85,0
DA:89,0
DA:90,0
DA:94,0
DA:95,0
DA:98,0
DA:102,0
DA:108,0
DA:109,0
DA:110,0
DA:111,0
DA:113,0
DA:116,0
DA:117,0
DA:118,0
DA:119,0
DA:121,0
DA:122,0
DA:123,0
DA:126,0
DA:132,0
DA:133,0
DA:134,0
DA:135,0
DA:139,0
DA:141,0
DA:143,0
DA:144,0
DA:145,0
DA:149,0
DA:150,0
DA:151,0
DA:152,0
DA:153,0
DA:156,0
DA:157,0
DA:159,0
DA:163,0
DA:164,0
DA:165,0
DA:166,0
DA:167,0
DA:168,0
DA:171,0
DA:172,0
DA:173,0
DA:174,0
DA:176,0
DA:181,0
DA:182,0
DA:184,0
DA:187,0
LF:91
LH:0
BRDA:8,0,0,0
BRDA:27,1,0,0
BRDA:27,1,1,0
BRDA:32,2,0,0
BRDA:37,3,0,0
BRDA:37,3,1,0
BRDA:40,4,0,0
BRDA:40,4,1,0
BRDA:45,5,0,0
BRDA:45,5,1,0
BRDA:59,6,0,0
BRDA:69,7,0,0
BRDA:69,7,1,0
BRDA:80,8,0,0
BRDA:89,9,0,0
BRDA:89,10,0,0
BRDA:89,10,1,0
BRDA:94,11,0,0
BRDA:94,12,0,0
BRDA:94,12,1,0
BRDA:95,13,0,0
BRDA:95,14,0,0
BRDA:95,14,1,0
BRDA:110,15,0,0
BRDA:110,15,1,0
BRDA:117,16,0,0
BRDA:117,16,1,0
BRDA:117,17,0,0
BRDA:117,17,1,0
BRDA:119,18,0,0
BRDA:119,18,1,0
BRDA:122,19,0,0
BRDA:122,20,0,0
BRDA:122,20,1,0
BRDA:123,21,0,0
BRDA:123,21,1,0
BRDA:129,22,0,0
BRDA:129,22,1,0
BRDA:151,23,0,0
BRDA:156,24,0,0
BRDA:156,24,1,0
BRDA:163,25,0,0
BRDA:163,25,1,0
BRDA:163,25,2,0
BRDA:163,25,3,0
BRDA:163,25,4,0
BRDA:166,26,0,0
BRDA:166,26,1,0
BRDA:167,27,0,0
BRDA:167,27,1,0
BRDA:172,28,0,0
BRDA:181,29,0,0
BRDA:181,29,1,0
BRF:53
BRH:0
end_of_record
TN:
SF:src\utils\colorGenerator.ts
FN:20,(anonymous_0)
FN:27,(anonymous_1)
FN:40,(anonymous_2)
FNF:3
FNH:0
FNDA:0,(anonymous_0)
FNDA:0,(anonymous_1)
FNDA:0,(anonymous_2)
DA:2,0
DA:18,0
DA:20,0
DA:22,0
DA:23,0
DA:27,0
DA:30,0
DA:31,0
DA:34,0
DA:36,0
DA:40,0
DA:41,0
LF:12
LH:0
BRDA:22,0,0,0
BRF:1
BRH:0
end_of_record
TN:
SF:src\utils\financialCalculations.ts
FN:2,calculateSharpeRatio
FN:10,(anonymous_1)
FN:13,(anonymous_2)
FN:27,(anonymous_3)
FNF:4
FNH:0
FNDA:0,calculateSharpeRatio
FNDA:0,(anonymous_1)
FNDA:0,(anonymous_2)
FNDA:0,(anonymous_3)
DA:2,0
DA:3,0
DA:5,0
DA:6,0
DA:10,0
DA:13,0
DA:15,0
DA:20,0
DA:21,0
DA:22,0
DA:27,0
DA:28,0
DA:30,0
DA:32,0
DA:33,0
DA:34,0
DA:37,0
LF:17
LH:0
BRDA:2,0,0,0
BRDA:5,1,0,0
BRDA:15,2,0,0
BRDA:20,3,0,0
BRDA:21,4,0,0
BRDA:30,5,0,0
BRDA:32,6,0,0
BRDA:33,7,0,0
BRF:8
BRH:0
end_of_record
TN:
SF:src\utils\patternRecognition.ts
FN:46,(anonymous_0)
FN:70,(anonymous_1)
FN:73,(anonymous_2)
FN:74,(anonymous_3)
FN:76,(anonymous_4)
FN:77,(anonymous_5)
FN:78,(anonymous_6)
FN:90,(anonymous_7)
FN:101,(anonymous_8)
FN:121,(anonymous_9)
FN:125,(anonymous_10)
FN:134,(anonymous_11)
FN:148,(anonymous_12)
FN:153,(anonymous_13)
FN:162,(anonymous_14)
FN:176,(anonymous_15)
FN:184,(anonymous_16)
FN:193,(anonymous_17)
FN:207,(anonymous_18)
FN:212,(anonymous_19)
FN:213,(anonymous_20)
FN:214,(anonymous_21)
FN:272,(anonymous_22)
FN:280,(anonymous_23)
FN:281,(anonymous_24)
FN:285,(anonymous_25)
FN:286,(anonymous_26)
FN:290,(anonymous_27)
FN:291,(anonymous_28)
FN:294,(anonymous_29)
FN:295,(anonymous_30)
FN:311,(anonymous_31)
FN:322,(anonymous_32)
FN:323,(anonymous_33)
FN:337,(anonymous_34)
FNF:35
FNH:0
FNDA:0,(anonymous_0)
FNDA:0,(anonymous_1)
FNDA:0,(anonymous_2)
FNDA:0,(anonymous_3)
FNDA:0,(anonymous_4)
FNDA:0,(anonymous_5)
FNDA:0,(anonymous_6)
FNDA:0,(anonymous_7)
FNDA:0,(anonymous_8)
FNDA:0,(anonymous_9)
FNDA:0,(anonymous_10)
FNDA:0,(anonymous_11)
FNDA:0,(anonymous_12)
FNDA:0,(anonymous_13)
FNDA:0,(anonymous_14)
FNDA:0,(anonymous_15)
FNDA:0,(anonymous_16)
FNDA:0,(anonymous_17)
FNDA:0,(anonymous_18)
FNDA:0,(anonymous_19)
FNDA:0,(anonymous_20)
FNDA:0,(anonymous_21)
FNDA:0,(anonymous_22)
FNDA:0,(anonymous_23)
FNDA:0,(anonymous_24)
FNDA:0,(anonymous_25)
FNDA:0,(anonymous_26)
FNDA:0,(anonymous_27)
FNDA:0,(anonymous_28)
FNDA:0,(anonymous_29)
FNDA:0,(anonymous_30)
FNDA:0,(anonymous_31)
FNDA:0,(anonymous_32)
FNDA:0,(anonymous_33)
FNDA:0,(anonymous_34)
DA:46,0
DA:47,0
DA:48,0
DA:49,0
DA:50,0
DA:51,0
DA:54,0
DA:55,0
DA:56,0
DA:58,0
DA:70,0
DA:71,0
DA:73,0
DA:74,0
DA:76,0
DA:77,0
DA:78,0
DA:80,0
DA:81,0
DA:82,0
DA:83,0
DA:86,0
DA:87,0
DA:88,0
DA:90,0
DA:91,0
DA:92,0
DA:93,0
DA:95,0
DA:96,0
DA:97,0
DA:101,0
DA:103,0
DA:121,0
DA:122,0
DA:125,0
DA:126,0
DA:127,0
DA:128,0
DA:130,0
DA:134,0
DA:135,0
DA:136,0
DA:138,0
DA:148,0
DA:149,0
DA:150,0
DA:153,0
DA:154,0
DA:155,0
DA:156,0
DA:158,0
DA:162,0
DA:163,0
DA:164,0
DA:166,0
DA:176,0
DA:177,0
DA:178,0
DA:184,0
DA:185,0
DA:186,0
DA:187,0
DA:189,0
DA:193,0
DA:194,0
DA:195,0
DA:197,0
DA:207,0
DA:212,0
DA:213,0
DA:214,0
DA:216,0
DA:232,0
DA:248,0
DA:264,0
DA:272,0
DA:273,0
DA:274,0
DA:275,0
DA:276,0
DA:279,0
DA:280,0
DA:281,0
DA:284,0
DA:285,0
DA:286,0
DA:289,0
DA:290,0
DA:291,0
DA:293,0
DA:294,0
DA:295,0
DA:297,0
DA:311,0
DA:316,0
DA:317,0
DA:318,0
DA:319,0
DA:322,0
DA:323,0
DA:324,0
DA:325,0
DA:329,0
DA:333,0
DA:337,0
DA:338,0
DA:339,0
DA:340,0
DA:341,0
DA:342,0
DA:343,0
DA:344,0
DA:346,0
DA:349,0
LF:115
LH:0
BRDA:54,0,0,0
BRDA:54,0,1,0
BRDA:55,1,0,0
BRDA:55,1,1,0
BRDA:56,2,0,0
BRDA:56,2,1,0
BRDA:71,3,0,0
BRDA:80,4,0,0
BRDA:80,4,1,0
BRDA:81,5,0,0
BRDA:81,5,1,0
BRDA:82,6,0,0
BRDA:82,6,1,0
BRDA:83,7,0,0
BRDA:83,7,1,0
BRDA:92,8,0,0
BRDA:96,9,0,0
BRDA:127,10,0,0
BRDA:136,11,0,0
BRDA:155,12,0,0
BRDA:164,13,0,0
BRDA:186,14,0,0
BRDA:195,15,0,0
BRDA:216,16,0,0
BRDA:216,16,1,0
BRDA:232,17,0,0
BRDA:232,17,1,0
BRDA:248,18,0,0
BRDA:248,18,1,0
BRDA:329,19,0,0
BRDA:329,19,1,0
BRDA:333,20,0,0
BRDA:333,20,1,0
BRDA:339,21,0,0
BRDA:339,21,1,0
BRDA:339,22,0,0
BRDA:339,22,1,0
BRDA:341,23,0,0
BRDA:341,23,1,0
BRDA:341,24,0,0
BRDA:341,24,1,0
BRDA:343,25,0,0
BRDA:343,26,0,0
BRDA:343,26,1,0
BRF:44
BRH:0
end_of_record
